2020-03-04 13:20:26,927 ERROR [grizzly-http-server-14] - Server - SessionID: 4555392404307963379 IP: 0:0:0:0:0:0:0:1 Not a Json Exception com.fasterxml.jackson.core.JsonParseException: input has trailing data after first JSON Text
 at [Source: (StringReader); line: 2, column: 54]
2020-03-04 13:20:32,333 ERROR [grizzly-http-server-15] - Server - SessionID: 45553924043079633791583324432333  IP: 0:0:0:0:0:0:0:1 Not AFarCloud Compliant
2020-03-04 13:20:50,238 DEBUG [grizzly-http-server-0] - Server - Complete JSON for this resource not in cache
2020-03-04 13:20:51,442  INFO [grizzly-http-server-0] - Server - SessionID: 4555392404307963379 IP: 0:0:0:0:0:0:0:1 Successful request on: SensorSchema_Simplified
2020-03-04 13:24:09,731 DEBUG [grizzly-http-server-12] - Server - Complete JSON for this resource not in cache
2020-03-04 13:24:10,681  INFO [grizzly-http-server-12] - Server - SessionID: 4093125375414010402 IP: 0:0:0:0:0:0:0:1 Successful request on: SensorSchema_Simplified
2020-03-04 13:24:14,308 DEBUG [grizzly-http-server-13] - Server - Complete JSON for this resource obtained from cache
2020-03-04 13:24:14,309  INFO [grizzly-http-server-13] - Server - SessionID: 4093125375414010402 IP: 0:0:0:0:0:0:0:1 Successful request on: SensorSchema_Simplified
2020-03-04 13:24:23,409 DEBUG [grizzly-http-server-14] - Server - Complete JSON for this resource obtained from cache
2020-03-04 13:24:23,410  INFO [grizzly-http-server-14] - Server - SessionID: 4093125375414010402 IP: 0:0:0:0:0:0:0:1 Successful request on: SensorSchema_Simplified
2020-03-04 13:24:25,035 DEBUG [grizzly-http-server-15] - Server - Complete JSON for this resource obtained from cache
2020-03-04 13:24:25,036  INFO [grizzly-http-server-15] - Server - SessionID: 4093125375414010402 IP: 0:0:0:0:0:0:0:1 Successful request on: SensorSchema_Simplified
2020-03-04 13:24:28,218 DEBUG [grizzly-http-server-0] - Server - Complete JSON for this resource obtained from cache
2020-03-04 13:24:28,219  INFO [grizzly-http-server-0] - Server - SessionID: 4093125375414010402 IP: 0:0:0:0:0:0:0:1 Successful request on: SensorSchema_Simplified
2020-03-04 13:24:32,463 ERROR [grizzly-http-server-1] - Server - SessionID: 40931253754140104021583324672463  IP: 0:0:0:0:0:0:0:1 Not AFarCloud Compliant
2020-03-04 13:24:39,374 ERROR [grizzly-http-server-2] - Server - SessionID: 4093125375414010402 IP: 0:0:0:0:0:0:0:1 Not a Json Exception com.fasterxml.jackson.core.JsonParseException: input has trailing data after first JSON Text
 at [Source: (StringReader); line: 2, column: 16]
2020-03-04 13:24:48,578 DEBUG [grizzly-http-server-4] - Server - Complete JSON for this resource obtained from cache
2020-03-04 13:26:34,841 DEBUG [grizzly-http-server-12] - Server - Complete JSON for this resource not in cache
2020-03-04 13:26:48,384 ERROR [grizzly-http-server-15] - Server - SessionID: 4149435842042123000 IP: 0:0:0:0:0:0:0:1 Not a Json Exception com.fasterxml.jackson.core.JsonParseException: input has trailing data after first JSON Text
 at [Source: (StringReader); line: 2, column: 18]
2020-03-04 13:26:53,517 ERROR [grizzly-http-server-0] - Server - SessionID: 41494358420421230001583324813517  IP: 0:0:0:0:0:0:0:1 Not AFarCloud Compliant
2020-03-04 13:26:57,351 DEBUG [grizzly-http-server-1] - Server - Complete JSON for this resource obtained from cache
2020-03-04 13:26:57,351  INFO [grizzly-http-server-1] - Server - SessionID: 4149435842042123000 IP: 0:0:0:0:0:0:0:1 Successful request on: SensorSchema_Simplified
2020-03-04 13:27:02,900 DEBUG [grizzly-http-server-2] - Server - Complete JSON for this resource obtained from cache
2020-03-04 16:00:46,373 DEBUG [grizzly-http-server-12] - Server - Complete JSON for this resource not in cache
2020-03-04 16:00:46,605 ERROR [grizzly-http-server-12] - Server - Could not obtain resource from the Assets Registry: 400
2020-03-04 16:19:01,861 DEBUG [grizzly-http-server-13] - Server - Complete JSON for this resource not in cache
2020-03-04 16:19:03,159 ERROR [grizzly-http-server-13] - Server - Could not obtain resource from the Assets Registry: 400
2020-03-04 16:19:15,160 DEBUG [grizzly-http-server-14] - Server - Complete JSON for this resource not in cache
2020-03-04 16:19:15,358 ERROR [grizzly-http-server-14] - Server - Could not obtain resource from the Assets Registry: 400
2020-03-04 16:19:16,164 DEBUG [grizzly-http-server-15] - Server - Complete JSON for this resource not in cache
2020-03-04 16:19:16,360 ERROR [grizzly-http-server-15] - Server - Could not obtain resource from the Assets Registry: 400
2020-03-04 16:19:16,697 DEBUG [grizzly-http-server-0] - Server - Complete JSON for this resource not in cache
2020-03-04 16:19:16,937 ERROR [grizzly-http-server-0] - Server - Could not obtain resource from the Assets Registry: 400
