2020-01-08 13:42:17,396 [Worker-3: Loading available Gradle versions] INFO  o.e.b.c.i.u.g.PublishedGradleVersions - Gradle version information cache is up-to-date. Trying to read.
2020-01-09 13:35:26,779 [Worker-2: Loading available Gradle versions] INFO  o.e.b.c.i.u.g.PublishedGradleVersions - Gradle version information cache is out-of-date. Trying to update.
2020-01-10 10:49:01,955 [Worker-2: Loading available Gradle versions] INFO  o.e.b.c.i.u.g.PublishedGradleVersions - Gradle version information cache is up-to-date. Trying to read.
2020-01-10 10:50:46,526 [Worker-15: Importing Maven projects] INFO  o.e.m.c.i.l.LifecycleMappingFactory - Using org.eclipse.m2e.jdt.JarLifecycleMapping lifecycle mapping for MavenProject: afc:rest:0.0.1-SNAPSHOT @ C:\Users\Dani\Documents\GitHub\rest\rest\rest\rest\pom.xml.
2020-01-10 10:51:06,763 [Worker-15: Importing Maven projects] INFO  o.e.m.j.i.AbstractJavaProjectConfigurator - Adding source folder /rest/src/main/java
2020-01-10 10:51:06,764 [Worker-15: Importing Maven projects] INFO  o.e.m.j.i.AbstractJavaProjectConfigurator - Adding resource folder /rest/src/main/resources
2020-01-10 10:51:06,766 [Worker-15: Importing Maven projects] INFO  o.e.m.j.i.AbstractJavaProjectConfigurator - Adding source folder /rest/src/test/java
2020-01-10 10:51:07,091 [Worker-15: Importing Maven projects] INFO  o.e.m.c.i.p.ProjectConfigurationManager - Imported and configured 1 project(s) in 35 sec
2020-01-10 10:51:12,499 [Worker-15: Building workspace] INFO  o.e.m.c.i.embedder.EclipseLogger - Using 'UTF-8' encoding to copy filtered resources.
2020-01-10 10:51:12,513 [Worker-15: Building workspace] INFO  o.e.m.c.i.embedder.EclipseLogger - Copying 17 resources
2020-01-10 10:51:13,254 [Worker-15: Building workspace] INFO  o.e.m.c.i.embedder.EclipseLogger - Using 'UTF-8' encoding to copy filtered resources.
2020-01-10 10:51:13,255 [Worker-15: Building workspace] INFO  o.e.m.c.i.embedder.EclipseLogger - skip non existing resourceDirectory C:\Users\Dani\Documents\GitHub\rest\rest\rest\rest\src\test\resources
2020-01-10 10:55:42,931 [Worker-19: Building workspace] INFO  o.e.m.c.i.embedder.EclipseLogger - Using 'UTF-8' encoding to copy filtered resources.
2020-01-10 10:55:42,935 [Worker-19: Building workspace] INFO  o.e.m.c.i.embedder.EclipseLogger - Copying 0 resource
2020-01-10 10:55:42,936 [Worker-19: Building workspace] INFO  o.e.m.c.i.embedder.EclipseLogger - Using 'UTF-8' encoding to copy filtered resources.
2020-01-10 10:55:42,936 [Worker-19: Building workspace] INFO  o.e.m.c.i.embedder.EclipseLogger - skip non existing resourceDirectory C:\Users\Dani\Documents\GitHub\rest\rest\rest\rest\src\test\resources
2020-01-10 11:00:12,126 [Worker-23: Building workspace] INFO  o.e.m.c.i.embedder.EclipseLogger - Using 'UTF-8' encoding to copy filtered resources.
2020-01-10 11:00:12,141 [Worker-23: Building workspace] INFO  o.e.m.c.i.embedder.EclipseLogger - Copying 17 resources
2020-01-10 11:00:12,158 [Worker-23: Building workspace] INFO  o.e.m.c.i.embedder.EclipseLogger - Using 'UTF-8' encoding to copy filtered resources.
2020-01-10 11:00:12,159 [Worker-23: Building workspace] INFO  o.e.m.c.i.embedder.EclipseLogger - skip non existing resourceDirectory C:\Users\Dani\Documents\GitHub\rest\rest\rest\rest\src\test\resources
2020-01-10 11:01:13,715 [Worker-28: Building workspace] INFO  o.e.m.c.i.embedder.EclipseLogger - Using 'UTF-8' encoding to copy filtered resources.
2020-01-10 11:01:13,716 [Worker-28: Building workspace] INFO  o.e.m.c.i.embedder.EclipseLogger - Copying 1 resource
2020-01-10 11:01:13,726 [Worker-28: Building workspace] INFO  o.e.m.c.i.embedder.EclipseLogger - Using 'UTF-8' encoding to copy filtered resources.
2020-01-10 11:01:13,727 [Worker-28: Building workspace] INFO  o.e.m.c.i.embedder.EclipseLogger - skip non existing resourceDirectory C:\Users\Dani\Documents\GitHub\rest\rest\rest\rest\src\test\resources
2020-01-10 11:08:45,210 [Worker-37: Building workspace] INFO  o.e.m.c.i.embedder.EclipseLogger - Using 'UTF-8' encoding to copy filtered resources.
2020-01-10 11:08:45,210 [Worker-37: Building workspace] INFO  o.e.m.c.i.embedder.EclipseLogger - Copying 1 resource
2020-01-10 11:08:45,221 [Worker-37: Building workspace] INFO  o.e.m.c.i.embedder.EclipseLogger - Using 'UTF-8' encoding to copy filtered resources.
2020-01-10 11:08:45,222 [Worker-37: Building workspace] INFO  o.e.m.c.i.embedder.EclipseLogger - skip non existing resourceDirectory C:\Users\Dani\Documents\GitHub\rest\rest\rest\rest\src\test\resources
2020-01-10 11:09:09,707 [Worker-37: Building workspace] INFO  o.e.m.c.i.embedder.EclipseLogger - Using 'UTF-8' encoding to copy filtered resources.
2020-01-10 11:09:09,707 [Worker-37: Building workspace] INFO  o.e.m.c.i.embedder.EclipseLogger - Copying 1 resource
2020-01-10 11:09:09,717 [Worker-37: Building workspace] INFO  o.e.m.c.i.embedder.EclipseLogger - Using 'UTF-8' encoding to copy filtered resources.
2020-01-10 11:09:09,717 [Worker-37: Building workspace] INFO  o.e.m.c.i.embedder.EclipseLogger - skip non existing resourceDirectory C:\Users\Dani\Documents\GitHub\rest\rest\rest\rest\src\test\resources
2020-01-10 11:22:13,976 [Worker-43: Launching Main] INFO  o.e.m.c.i.embedder.EclipseLogger - Using 'UTF-8' encoding to copy filtered resources.
2020-01-10 11:22:13,980 [Worker-43: Launching Main] INFO  o.e.m.c.i.embedder.EclipseLogger - Copying 17 resources
2020-01-10 11:22:13,986 [Worker-43: Launching Main] INFO  o.e.m.c.i.embedder.EclipseLogger - Using 'UTF-8' encoding to copy filtered resources.
2020-01-10 11:22:13,987 [Worker-43: Launching Main] INFO  o.e.m.c.i.embedder.EclipseLogger - skip non existing resourceDirectory C:\Users\Dani\Documents\GitHub\rest\rest\rest\rest\src\test\resources
2020-01-10 11:33:42,805 [Worker-53: Building workspace] INFO  o.e.m.c.i.embedder.EclipseLogger - Using 'UTF-8' encoding to copy filtered resources.
2020-01-10 11:33:42,806 [Worker-53: Building workspace] INFO  o.e.m.c.i.embedder.EclipseLogger - Copying 1 resource
2020-01-10 11:33:42,824 [Worker-53: Building workspace] INFO  o.e.m.c.i.embedder.EclipseLogger - Using 'UTF-8' encoding to copy filtered resources.
2020-01-10 11:33:42,825 [Worker-53: Building workspace] INFO  o.e.m.c.i.embedder.EclipseLogger - skip non existing resourceDirectory C:\Users\Dani\Documents\GitHub\rest\rest\rest\rest\src\test\resources
2020-01-10 11:34:48,643 [Worker-52: Building workspace] INFO  o.e.m.c.i.embedder.EclipseLogger - Using 'UTF-8' encoding to copy filtered resources.
2020-01-10 11:34:48,644 [Worker-52: Building workspace] INFO  o.e.m.c.i.embedder.EclipseLogger - Copying 1 resource
2020-01-10 11:34:48,655 [Worker-52: Building workspace] INFO  o.e.m.c.i.embedder.EclipseLogger - Using 'UTF-8' encoding to copy filtered resources.
2020-01-10 11:34:48,655 [Worker-52: Building workspace] INFO  o.e.m.c.i.embedder.EclipseLogger - skip non existing resourceDirectory C:\Users\Dani\Documents\GitHub\rest\rest\rest\rest\src\test\resources
2020-01-10 11:35:31,316 [Worker-46: Building workspace] INFO  o.e.m.c.i.embedder.EclipseLogger - Using 'UTF-8' encoding to copy filtered resources.
2020-01-10 11:35:31,318 [Worker-46: Building workspace] INFO  o.e.m.c.i.embedder.EclipseLogger - Copying 1 resource
2020-01-10 11:35:31,353 [Worker-46: Building workspace] INFO  o.e.m.c.i.embedder.EclipseLogger - Using 'UTF-8' encoding to copy filtered resources.
2020-01-10 11:35:31,354 [Worker-46: Building workspace] INFO  o.e.m.c.i.embedder.EclipseLogger - skip non existing resourceDirectory C:\Users\Dani\Documents\GitHub\rest\rest\rest\rest\src\test\resources
2020-01-10 12:55:59,503 [Worker-63: Building workspace] INFO  o.e.m.c.i.embedder.EclipseLogger - Using 'UTF-8' encoding to copy filtered resources.
2020-01-10 12:55:59,550 [Worker-63: Building workspace] INFO  o.e.m.c.i.embedder.EclipseLogger - Copying 1 resource
2020-01-10 12:55:59,588 [Worker-63: Building workspace] INFO  o.e.m.c.i.embedder.EclipseLogger - Using 'UTF-8' encoding to copy filtered resources.
2020-01-10 12:55:59,588 [Worker-63: Building workspace] INFO  o.e.m.c.i.embedder.EclipseLogger - skip non existing resourceDirectory C:\Users\Dani\Documents\GitHub\rest\rest\rest\rest\src\test\resources
2020-01-10 12:57:11,003 [Worker-56: Building workspace] INFO  o.e.m.c.i.embedder.EclipseLogger - Using 'UTF-8' encoding to copy filtered resources.
2020-01-10 12:57:11,004 [Worker-56: Building workspace] INFO  o.e.m.c.i.embedder.EclipseLogger - Copying 1 resource
2020-01-10 12:57:11,050 [Worker-56: Building workspace] INFO  o.e.m.c.i.embedder.EclipseLogger - Using 'UTF-8' encoding to copy filtered resources.
2020-01-10 12:57:11,050 [Worker-56: Building workspace] INFO  o.e.m.c.i.embedder.EclipseLogger - skip non existing resourceDirectory C:\Users\Dani\Documents\GitHub\rest\rest\rest\rest\src\test\resources
2020-01-10 12:57:19,554 [Worker-64: Building workspace] INFO  o.e.m.c.i.embedder.EclipseLogger - Using 'UTF-8' encoding to copy filtered resources.
2020-01-10 12:57:19,555 [Worker-64: Building workspace] INFO  o.e.m.c.i.embedder.EclipseLogger - Copying 1 resource
2020-01-10 12:57:19,562 [Worker-64: Building workspace] INFO  o.e.m.c.i.embedder.EclipseLogger - Using 'UTF-8' encoding to copy filtered resources.
2020-01-10 12:57:19,562 [Worker-64: Building workspace] INFO  o.e.m.c.i.embedder.EclipseLogger - skip non existing resourceDirectory C:\Users\Dani\Documents\GitHub\rest\rest\rest\rest\src\test\resources
2020-01-10 12:59:49,452 [Worker-65: Building workspace] INFO  o.e.m.c.i.embedder.EclipseLogger - Using 'UTF-8' encoding to copy filtered resources.
2020-01-10 12:59:49,452 [Worker-65: Building workspace] INFO  o.e.m.c.i.embedder.EclipseLogger - Copying 1 resource
2020-01-10 12:59:49,459 [Worker-65: Building workspace] INFO  o.e.m.c.i.embedder.EclipseLogger - Using 'UTF-8' encoding to copy filtered resources.
2020-01-10 12:59:49,460 [Worker-65: Building workspace] INFO  o.e.m.c.i.embedder.EclipseLogger - skip non existing resourceDirectory C:\Users\Dani\Documents\GitHub\rest\rest\rest\rest\src\test\resources
2020-01-10 13:16:46,224 [Worker-73: Launching Main] INFO  o.e.m.c.i.embedder.EclipseLogger - Using 'UTF-8' encoding to copy filtered resources.
2020-01-10 13:16:46,238 [Worker-73: Launching Main] INFO  o.e.m.c.i.embedder.EclipseLogger - Copying 18 resources
2020-01-10 13:16:46,243 [Worker-73: Launching Main] INFO  o.e.m.c.i.embedder.EclipseLogger - Using 'UTF-8' encoding to copy filtered resources.
2020-01-10 13:16:46,243 [Worker-73: Launching Main] INFO  o.e.m.c.i.embedder.EclipseLogger - skip non existing resourceDirectory C:\Users\Dani\Documents\GitHub\rest\rest\rest\rest\src\test\resources
2020-01-10 15:16:42,777 [Worker-96: Building workspace] INFO  o.e.m.c.i.embedder.EclipseLogger - Using 'UTF-8' encoding to copy filtered resources.
2020-01-10 15:16:42,868 [Worker-96: Building workspace] INFO  o.e.m.c.i.embedder.EclipseLogger - Copying 1 resource
2020-01-10 15:16:42,927 [Worker-96: Building workspace] INFO  o.e.m.c.i.embedder.EclipseLogger - Using 'UTF-8' encoding to copy filtered resources.
2020-01-10 15:16:42,927 [Worker-96: Building workspace] INFO  o.e.m.c.i.embedder.EclipseLogger - skip non existing resourceDirectory C:\Users\Dani\Documents\GitHub\rest\rest\rest\rest\src\test\resources
2020-01-10 15:17:53,967 [Worker-97: Building workspace] INFO  o.e.m.c.i.embedder.EclipseLogger - Using 'UTF-8' encoding to copy filtered resources.
2020-01-10 15:17:53,968 [Worker-97: Building workspace] INFO  o.e.m.c.i.embedder.EclipseLogger - Copying 1 resource
2020-01-10 15:17:53,989 [Worker-97: Building workspace] INFO  o.e.m.c.i.embedder.EclipseLogger - Using 'UTF-8' encoding to copy filtered resources.
2020-01-10 15:17:53,990 [Worker-97: Building workspace] INFO  o.e.m.c.i.embedder.EclipseLogger - skip non existing resourceDirectory C:\Users\Dani\Documents\GitHub\rest\rest\rest\rest\src\test\resources
2020-01-10 15:22:00,260 [Worker-92: Building workspace] INFO  o.e.m.c.i.embedder.EclipseLogger - Using 'UTF-8' encoding to copy filtered resources.
2020-01-10 15:22:00,260 [Worker-92: Building workspace] INFO  o.e.m.c.i.embedder.EclipseLogger - Copying 1 resource
2020-01-10 15:22:00,276 [Worker-92: Building workspace] INFO  o.e.m.c.i.embedder.EclipseLogger - Using 'UTF-8' encoding to copy filtered resources.
2020-01-10 15:22:00,276 [Worker-92: Building workspace] INFO  o.e.m.c.i.embedder.EclipseLogger - skip non existing resourceDirectory C:\Users\Dani\Documents\GitHub\rest\rest\rest\rest\src\test\resources
2020-01-10 15:25:20,837 [Worker-101: Building workspace] INFO  o.e.m.c.i.embedder.EclipseLogger - Using 'UTF-8' encoding to copy filtered resources.
2020-01-10 15:25:20,838 [Worker-101: Building workspace] INFO  o.e.m.c.i.embedder.EclipseLogger - Copying 1 resource
2020-01-10 15:25:20,853 [Worker-101: Building workspace] INFO  o.e.m.c.i.embedder.EclipseLogger - Using 'UTF-8' encoding to copy filtered resources.
2020-01-10 15:25:20,854 [Worker-101: Building workspace] INFO  o.e.m.c.i.embedder.EclipseLogger - skip non existing resourceDirectory C:\Users\Dani\Documents\GitHub\rest\rest\rest\rest\src\test\resources
2020-01-10 15:26:28,412 [Worker-106: Building workspace] INFO  o.e.m.c.i.embedder.EclipseLogger - Using 'UTF-8' encoding to copy filtered resources.
2020-01-10 15:26:28,413 [Worker-106: Building workspace] INFO  o.e.m.c.i.embedder.EclipseLogger - Copying 1 resource
2020-01-10 15:26:28,424 [Worker-106: Building workspace] INFO  o.e.m.c.i.embedder.EclipseLogger - Using 'UTF-8' encoding to copy filtered resources.
2020-01-10 15:26:28,424 [Worker-106: Building workspace] INFO  o.e.m.c.i.embedder.EclipseLogger - skip non existing resourceDirectory C:\Users\Dani\Documents\GitHub\rest\rest\rest\rest\src\test\resources
2020-01-10 15:27:36,606 [Worker-105: Building workspace] INFO  o.e.m.c.i.embedder.EclipseLogger - Using 'UTF-8' encoding to copy filtered resources.
2020-01-10 15:27:36,607 [Worker-105: Building workspace] INFO  o.e.m.c.i.embedder.EclipseLogger - Copying 1 resource
2020-01-10 15:27:36,619 [Worker-105: Building workspace] INFO  o.e.m.c.i.embedder.EclipseLogger - Using 'UTF-8' encoding to copy filtered resources.
2020-01-10 15:27:36,619 [Worker-105: Building workspace] INFO  o.e.m.c.i.embedder.EclipseLogger - skip non existing resourceDirectory C:\Users\Dani\Documents\GitHub\rest\rest\rest\rest\src\test\resources
2020-01-10 15:29:29,061 [Worker-104: Building workspace] INFO  o.e.m.c.i.embedder.EclipseLogger - Using 'UTF-8' encoding to copy filtered resources.
2020-01-10 15:29:29,062 [Worker-104: Building workspace] INFO  o.e.m.c.i.embedder.EclipseLogger - Copying 1 resource
2020-01-10 15:29:29,071 [Worker-104: Building workspace] INFO  o.e.m.c.i.embedder.EclipseLogger - Using 'UTF-8' encoding to copy filtered resources.
2020-01-10 15:29:29,071 [Worker-104: Building workspace] INFO  o.e.m.c.i.embedder.EclipseLogger - skip non existing resourceDirectory C:\Users\Dani\Documents\GitHub\rest\rest\rest\rest\src\test\resources
2020-01-10 15:29:30,700 [Worker-109: Building workspace] INFO  o.e.m.c.i.embedder.EclipseLogger - Using 'UTF-8' encoding to copy filtered resources.
2020-01-10 15:29:30,701 [Worker-109: Building workspace] INFO  o.e.m.c.i.embedder.EclipseLogger - Copying 1 resource
2020-01-10 15:29:30,715 [Worker-109: Building workspace] INFO  o.e.m.c.i.embedder.EclipseLogger - Using 'UTF-8' encoding to copy filtered resources.
2020-01-10 15:29:30,715 [Worker-109: Building workspace] INFO  o.e.m.c.i.embedder.EclipseLogger - skip non existing resourceDirectory C:\Users\Dani\Documents\GitHub\rest\rest\rest\rest\src\test\resources
2020-01-10 15:31:27,020 [Worker-110: Building workspace] INFO  o.e.m.c.i.embedder.EclipseLogger - Using 'UTF-8' encoding to copy filtered resources.
2020-01-10 15:31:27,021 [Worker-110: Building workspace] INFO  o.e.m.c.i.embedder.EclipseLogger - Copying 0 resource
2020-01-10 15:31:27,022 [Worker-110: Building workspace] INFO  o.e.m.c.i.embedder.EclipseLogger - Using 'UTF-8' encoding to copy filtered resources.
2020-01-10 15:31:27,022 [Worker-110: Building workspace] INFO  o.e.m.c.i.embedder.EclipseLogger - skip non existing resourceDirectory C:\Users\Dani\Documents\GitHub\rest\rest\rest\rest\src\test\resources
2020-01-10 15:35:04,483 [Worker-114: Building workspace] INFO  o.e.m.c.i.embedder.EclipseLogger - Using 'UTF-8' encoding to copy filtered resources.
2020-01-10 15:35:04,487 [Worker-114: Building workspace] INFO  o.e.m.c.i.embedder.EclipseLogger - Copying 18 resources
2020-01-10 15:35:04,492 [Worker-114: Building workspace] INFO  o.e.m.c.i.embedder.EclipseLogger - Using 'UTF-8' encoding to copy filtered resources.
2020-01-10 15:35:04,492 [Worker-114: Building workspace] INFO  o.e.m.c.i.embedder.EclipseLogger - skip non existing resourceDirectory C:\Users\Dani\Documents\GitHub\rest\rest\rest\rest\src\test\resources
2020-01-10 16:31:48,260 [Worker-127: Launching Main] INFO  o.e.m.c.i.embedder.EclipseLogger - Using 'UTF-8' encoding to copy filtered resources.
2020-01-10 16:31:48,368 [Worker-127: Launching Main] INFO  o.e.m.c.i.embedder.EclipseLogger - Copying 19 resources
2020-01-10 16:31:48,485 [Worker-127: Launching Main] INFO  o.e.m.c.i.embedder.EclipseLogger - Using 'UTF-8' encoding to copy filtered resources.
2020-01-10 16:31:48,496 [Worker-127: Launching Main] INFO  o.e.m.c.i.embedder.EclipseLogger - skip non existing resourceDirectory C:\Users\Dani\Documents\GitHub\rest\rest\rest\rest\src\test\resources
2020-01-10 16:41:19,862 [Worker-137: Building workspace] INFO  o.e.m.c.i.embedder.EclipseLogger - Using 'UTF-8' encoding to copy filtered resources.
2020-01-10 16:41:19,874 [Worker-137: Building workspace] INFO  o.e.m.c.i.embedder.EclipseLogger - Copying 19 resources
2020-01-10 16:41:19,878 [Worker-137: Building workspace] INFO  o.e.m.c.i.embedder.EclipseLogger - Using 'UTF-8' encoding to copy filtered resources.
2020-01-10 16:41:19,878 [Worker-137: Building workspace] INFO  o.e.m.c.i.embedder.EclipseLogger - skip non existing resourceDirectory C:\Users\Dani\Documents\GitHub\rest\rest\rest\rest\src\test\resources
2020-01-10 16:44:42,975 [Worker-139: Building workspace] INFO  o.e.m.c.i.embedder.EclipseLogger - Using 'UTF-8' encoding to copy filtered resources.
2020-01-10 16:44:42,976 [Worker-139: Building workspace] INFO  o.e.m.c.i.embedder.EclipseLogger - Copying 0 resource
2020-01-10 16:44:42,979 [Worker-139: Building workspace] INFO  o.e.m.c.i.embedder.EclipseLogger - Using 'UTF-8' encoding to copy filtered resources.
2020-01-10 16:44:42,979 [Worker-139: Building workspace] INFO  o.e.m.c.i.embedder.EclipseLogger - skip non existing resourceDirectory C:\Users\Dani\Documents\GitHub\rest\rest\rest\rest\src\test\resources
2020-01-10 16:46:30,110 [Worker-140: Building workspace] INFO  o.e.m.c.i.embedder.EclipseLogger - Using 'UTF-8' encoding to copy filtered resources.
2020-01-10 16:46:30,112 [Worker-140: Building workspace] INFO  o.e.m.c.i.embedder.EclipseLogger - Copying 18 resources
2020-01-10 16:46:30,117 [Worker-140: Building workspace] INFO  o.e.m.c.i.embedder.EclipseLogger - Using 'UTF-8' encoding to copy filtered resources.
2020-01-10 16:46:30,117 [Worker-140: Building workspace] INFO  o.e.m.c.i.embedder.EclipseLogger - skip non existing resourceDirectory C:\Users\Dani\Documents\GitHub\rest\rest\rest\rest\src\test\resources
2020-01-10 16:47:59,845 [Worker-138: Building workspace] INFO  o.e.m.c.i.embedder.EclipseLogger - Using 'UTF-8' encoding to copy filtered resources.
2020-01-10 16:47:59,846 [Worker-138: Building workspace] INFO  o.e.m.c.i.embedder.EclipseLogger - Copying 0 resource
2020-01-10 16:47:59,847 [Worker-138: Building workspace] INFO  o.e.m.c.i.embedder.EclipseLogger - Using 'UTF-8' encoding to copy filtered resources.
2020-01-10 16:47:59,848 [Worker-138: Building workspace] INFO  o.e.m.c.i.embedder.EclipseLogger - skip non existing resourceDirectory C:\Users\Dani\Documents\GitHub\rest\rest\rest\rest\src\test\resources
2020-01-10 16:48:08,300 [Worker-142: Building workspace] INFO  o.e.m.c.i.embedder.EclipseLogger - Using 'UTF-8' encoding to copy filtered resources.
2020-01-10 16:48:08,303 [Worker-142: Building workspace] INFO  o.e.m.c.i.embedder.EclipseLogger - Copying 17 resources
2020-01-10 16:48:08,308 [Worker-142: Building workspace] INFO  o.e.m.c.i.embedder.EclipseLogger - Using 'UTF-8' encoding to copy filtered resources.
2020-01-10 16:48:08,308 [Worker-142: Building workspace] INFO  o.e.m.c.i.embedder.EclipseLogger - skip non existing resourceDirectory C:\Users\Dani\Documents\GitHub\rest\rest\rest\rest\src\test\resources
2020-01-10 16:48:32,204 [Worker-140: Building workspace] INFO  o.e.m.c.i.embedder.EclipseLogger - Using 'UTF-8' encoding to copy filtered resources.
2020-01-10 16:48:32,208 [Worker-140: Building workspace] INFO  o.e.m.c.i.embedder.EclipseLogger - Copying 17 resources
2020-01-10 16:48:32,212 [Worker-140: Building workspace] INFO  o.e.m.c.i.embedder.EclipseLogger - Using 'UTF-8' encoding to copy filtered resources.
2020-01-10 16:48:32,212 [Worker-140: Building workspace] INFO  o.e.m.c.i.embedder.EclipseLogger - skip non existing resourceDirectory C:\Users\Dani\Documents\GitHub\rest\rest\rest\rest\src\test\resources
2020-01-10 16:49:12,642 [Worker-142: Building workspace] INFO  o.e.m.c.i.embedder.EclipseLogger - Using 'UTF-8' encoding to copy filtered resources.
2020-01-10 16:49:12,642 [Worker-142: Building workspace] INFO  o.e.m.c.i.embedder.EclipseLogger - Copying 1 resource
2020-01-10 16:49:12,648 [Worker-142: Building workspace] INFO  o.e.m.c.i.embedder.EclipseLogger - Using 'UTF-8' encoding to copy filtered resources.
2020-01-10 16:49:12,649 [Worker-142: Building workspace] INFO  o.e.m.c.i.embedder.EclipseLogger - skip non existing resourceDirectory C:\Users\Dani\Documents\GitHub\rest\rest\rest\rest\src\test\resources
2020-01-10 16:49:26,173 [Worker-142: Building workspace] INFO  o.e.m.c.i.embedder.EclipseLogger - Using 'UTF-8' encoding to copy filtered resources.
2020-01-10 16:49:26,176 [Worker-142: Building workspace] INFO  o.e.m.c.i.embedder.EclipseLogger - Copying 18 resources
2020-01-10 16:49:26,180 [Worker-142: Building workspace] INFO  o.e.m.c.i.embedder.EclipseLogger - Using 'UTF-8' encoding to copy filtered resources.
2020-01-10 16:49:26,180 [Worker-142: Building workspace] INFO  o.e.m.c.i.embedder.EclipseLogger - skip non existing resourceDirectory C:\Users\Dani\Documents\GitHub\rest\rest\rest\rest\src\test\resources
2020-01-10 17:01:42,522 [Worker-151: Building workspace] INFO  o.e.m.c.i.embedder.EclipseLogger - Using 'UTF-8' encoding to copy filtered resources.
2020-01-10 17:01:42,601 [Worker-151: Building workspace] INFO  o.e.m.c.i.embedder.EclipseLogger - Copying 18 resources
2020-01-10 17:01:42,624 [Worker-151: Building workspace] INFO  o.e.m.c.i.embedder.EclipseLogger - Using 'UTF-8' encoding to copy filtered resources.
2020-01-10 17:01:42,624 [Worker-151: Building workspace] INFO  o.e.m.c.i.embedder.EclipseLogger - skip non existing resourceDirectory C:\Users\Dani\Documents\GitHub\rest\rest\rest\rest\src\test\resources
2020-01-10 17:02:21,866 [Worker-149: Building workspace] INFO  o.e.m.c.i.embedder.EclipseLogger - Using 'UTF-8' encoding to copy filtered resources.
2020-01-10 17:02:21,869 [Worker-149: Building workspace] INFO  o.e.m.c.i.embedder.EclipseLogger - Copying 18 resources
2020-01-10 17:02:21,872 [Worker-149: Building workspace] INFO  o.e.m.c.i.embedder.EclipseLogger - Using 'UTF-8' encoding to copy filtered resources.
2020-01-10 17:02:21,872 [Worker-149: Building workspace] INFO  o.e.m.c.i.embedder.EclipseLogger - skip non existing resourceDirectory C:\Users\Dani\Documents\GitHub\rest\rest\rest\rest\src\test\resources
2020-01-10 17:03:43,907 [Worker-144: Building workspace] INFO  o.e.m.c.i.embedder.EclipseLogger - Using 'UTF-8' encoding to copy filtered resources.
2020-01-10 17:03:43,910 [Worker-144: Building workspace] INFO  o.e.m.c.i.embedder.EclipseLogger - Copying 18 resources
2020-01-10 17:03:43,920 [Worker-144: Building workspace] INFO  o.e.m.c.i.embedder.EclipseLogger - Using 'UTF-8' encoding to copy filtered resources.
2020-01-10 17:03:43,920 [Worker-144: Building workspace] INFO  o.e.m.c.i.embedder.EclipseLogger - skip non existing resourceDirectory C:\Users\Dani\Documents\GitHub\rest\rest\rest\rest\src\test\resources
2020-01-10 17:03:58,100 [Worker-150: Building workspace] INFO  o.e.m.c.i.embedder.EclipseLogger - Using 'UTF-8' encoding to copy filtered resources.
2020-01-10 17:03:58,103 [Worker-150: Building workspace] INFO  o.e.m.c.i.embedder.EclipseLogger - Copying 18 resources
2020-01-10 17:03:58,107 [Worker-150: Building workspace] INFO  o.e.m.c.i.embedder.EclipseLogger - Using 'UTF-8' encoding to copy filtered resources.
2020-01-10 17:03:58,107 [Worker-150: Building workspace] INFO  o.e.m.c.i.embedder.EclipseLogger - skip non existing resourceDirectory C:\Users\Dani\Documents\GitHub\rest\rest\rest\rest\src\test\resources
2020-01-10 17:05:13,977 [Worker-149: Building workspace] INFO  o.e.m.c.i.embedder.EclipseLogger - Using 'UTF-8' encoding to copy filtered resources.
2020-01-10 17:05:13,980 [Worker-149: Building workspace] INFO  o.e.m.c.i.embedder.EclipseLogger - Copying 18 resources
2020-01-10 17:05:13,984 [Worker-149: Building workspace] INFO  o.e.m.c.i.embedder.EclipseLogger - Using 'UTF-8' encoding to copy filtered resources.
2020-01-10 17:05:13,985 [Worker-149: Building workspace] INFO  o.e.m.c.i.embedder.EclipseLogger - skip non existing resourceDirectory C:\Users\Dani\Documents\GitHub\rest\rest\rest\rest\src\test\resources
2020-01-10 17:06:15,659 [Worker-151: Building workspace] INFO  o.e.m.c.i.embedder.EclipseLogger - Using 'UTF-8' encoding to copy filtered resources.
2020-01-10 17:06:15,662 [Worker-151: Building workspace] INFO  o.e.m.c.i.embedder.EclipseLogger - Copying 18 resources
2020-01-10 17:06:15,666 [Worker-151: Building workspace] INFO  o.e.m.c.i.embedder.EclipseLogger - Using 'UTF-8' encoding to copy filtered resources.
2020-01-10 17:06:15,667 [Worker-151: Building workspace] INFO  o.e.m.c.i.embedder.EclipseLogger - skip non existing resourceDirectory C:\Users\Dani\Documents\GitHub\rest\rest\rest\rest\src\test\resources
2020-01-10 17:06:44,817 [Worker-153: Building workspace] INFO  o.e.m.c.i.embedder.EclipseLogger - Using 'UTF-8' encoding to copy filtered resources.
2020-01-10 17:06:44,819 [Worker-153: Building workspace] INFO  o.e.m.c.i.embedder.EclipseLogger - Copying 18 resources
2020-01-10 17:06:44,852 [Worker-153: Building workspace] INFO  o.e.m.c.i.embedder.EclipseLogger - Using 'UTF-8' encoding to copy filtered resources.
2020-01-10 17:06:44,853 [Worker-153: Building workspace] INFO  o.e.m.c.i.embedder.EclipseLogger - skip non existing resourceDirectory C:\Users\Dani\Documents\GitHub\rest\rest\rest\rest\src\test\resources
2020-01-10 17:09:07,022 [Worker-147: Building workspace] INFO  o.e.m.c.i.embedder.EclipseLogger - Using 'UTF-8' encoding to copy filtered resources.
2020-01-10 17:09:07,025 [Worker-147: Building workspace] INFO  o.e.m.c.i.embedder.EclipseLogger - Copying 18 resources
2020-01-10 17:09:07,029 [Worker-147: Building workspace] INFO  o.e.m.c.i.embedder.EclipseLogger - Using 'UTF-8' encoding to copy filtered resources.
2020-01-10 17:09:07,030 [Worker-147: Building workspace] INFO  o.e.m.c.i.embedder.EclipseLogger - skip non existing resourceDirectory C:\Users\Dani\Documents\GitHub\rest\rest\rest\rest\src\test\resources
2020-01-10 17:09:26,618 [Worker-147: Building workspace] INFO  o.e.m.c.i.embedder.EclipseLogger - Using 'UTF-8' encoding to copy filtered resources.
2020-01-10 17:09:26,621 [Worker-147: Building workspace] INFO  o.e.m.c.i.embedder.EclipseLogger - Copying 18 resources
2020-01-10 17:09:26,627 [Worker-147: Building workspace] INFO  o.e.m.c.i.embedder.EclipseLogger - Using 'UTF-8' encoding to copy filtered resources.
2020-01-10 17:09:26,629 [Worker-147: Building workspace] INFO  o.e.m.c.i.embedder.EclipseLogger - skip non existing resourceDirectory C:\Users\Dani\Documents\GitHub\rest\rest\rest\rest\src\test\resources
2020-01-10 17:09:34,472 [Worker-149: Building workspace] INFO  o.e.m.c.i.embedder.EclipseLogger - Using 'UTF-8' encoding to copy filtered resources.
2020-01-10 17:09:34,475 [Worker-149: Building workspace] INFO  o.e.m.c.i.embedder.EclipseLogger - Copying 18 resources
2020-01-10 17:09:34,480 [Worker-149: Building workspace] INFO  o.e.m.c.i.embedder.EclipseLogger - Using 'UTF-8' encoding to copy filtered resources.
2020-01-10 17:09:34,481 [Worker-149: Building workspace] INFO  o.e.m.c.i.embedder.EclipseLogger - skip non existing resourceDirectory C:\Users\Dani\Documents\GitHub\rest\rest\rest\rest\src\test\resources
2020-01-10 17:17:37,705 [Worker-158: Building workspace] INFO  o.e.m.c.i.embedder.EclipseLogger - Using 'UTF-8' encoding to copy filtered resources.
2020-01-10 17:17:37,774 [Worker-158: Building workspace] INFO  o.e.m.c.i.embedder.EclipseLogger - Copying 18 resources
2020-01-10 17:17:37,790 [Worker-158: Building workspace] INFO  o.e.m.c.i.embedder.EclipseLogger - Using 'UTF-8' encoding to copy filtered resources.
2020-01-10 17:17:37,790 [Worker-158: Building workspace] INFO  o.e.m.c.i.embedder.EclipseLogger - skip non existing resourceDirectory C:\Users\Dani\Documents\GitHub\rest\rest\rest\rest\src\test\resources
2020-01-10 17:49:35,905 [Worker-167: Building workspace] INFO  o.e.m.c.i.embedder.EclipseLogger - Using 'UTF-8' encoding to copy filtered resources.
2020-01-10 17:49:35,909 [Worker-167: Building workspace] INFO  o.e.m.c.i.embedder.EclipseLogger - Copying 18 resources
2020-01-10 17:49:35,913 [Worker-167: Building workspace] INFO  o.e.m.c.i.embedder.EclipseLogger - Using 'UTF-8' encoding to copy filtered resources.
2020-01-10 17:49:35,914 [Worker-167: Building workspace] INFO  o.e.m.c.i.embedder.EclipseLogger - skip non existing resourceDirectory C:\Users\Dani\Documents\GitHub\rest\rest\rest\rest\src\test\resources
2020-01-10 18:43:21,883 [Worker-6: Loading available Gradle versions] INFO  o.e.b.c.i.u.g.PublishedGradleVersions - Gradle version information cache is out-of-date. Trying to update.
2020-01-10 18:47:53,271 [Worker-24: Building workspace] INFO  o.e.m.c.i.embedder.EclipseLogger - Using 'UTF-8' encoding to copy filtered resources.
2020-01-10 18:47:53,278 [Worker-24: Building workspace] INFO  o.e.m.c.i.embedder.EclipseLogger - Copying 18 resources
2020-01-10 18:47:53,296 [Worker-24: Building workspace] INFO  o.e.m.c.i.embedder.EclipseLogger - Using 'UTF-8' encoding to copy filtered resources.
2020-01-10 18:47:53,296 [Worker-24: Building workspace] INFO  o.e.m.c.i.embedder.EclipseLogger - skip non existing resourceDirectory C:\Users\Dani\Documents\GitHub\rest\rest\rest\rest\src\test\resources
2020-01-10 18:50:52,992 [Worker-12: Building workspace] INFO  o.e.m.c.i.embedder.EclipseLogger - Using 'UTF-8' encoding to copy filtered resources.
2020-01-10 18:50:53,013 [Worker-12: Building workspace] INFO  o.e.m.c.i.embedder.EclipseLogger - Copying 18 resources
2020-01-10 18:50:53,018 [Worker-12: Building workspace] INFO  o.e.m.c.i.embedder.EclipseLogger - Using 'UTF-8' encoding to copy filtered resources.
2020-01-10 18:50:53,018 [Worker-12: Building workspace] INFO  o.e.m.c.i.embedder.EclipseLogger - skip non existing resourceDirectory C:\Users\Dani\Documents\GitHub\rest\rest\rest\rest\src\test\resources
2020-01-10 18:55:11,925 [Worker-27: Building workspace] INFO  o.e.m.c.i.embedder.EclipseLogger - Using 'UTF-8' encoding to copy filtered resources.
2020-01-10 18:55:11,925 [Worker-27: Building workspace] INFO  o.e.m.c.i.embedder.EclipseLogger - Copying 0 resource
2020-01-10 18:55:11,927 [Worker-27: Building workspace] INFO  o.e.m.c.i.embedder.EclipseLogger - Using 'UTF-8' encoding to copy filtered resources.
2020-01-10 18:55:11,927 [Worker-27: Building workspace] INFO  o.e.m.c.i.embedder.EclipseLogger - skip non existing resourceDirectory C:\Users\Dani\Documents\GitHub\rest\rest\rest\rest\src\test\resources
2020-01-10 19:01:09,993 [Worker-31: Building workspace] INFO  o.e.m.c.i.embedder.EclipseLogger - Using 'UTF-8' encoding to copy filtered resources.
2020-01-10 19:01:09,995 [Worker-31: Building workspace] INFO  o.e.m.c.i.embedder.EclipseLogger - Copying 0 resource
2020-01-10 19:01:09,996 [Worker-31: Building workspace] INFO  o.e.m.c.i.embedder.EclipseLogger - Using 'UTF-8' encoding to copy filtered resources.
2020-01-10 19:01:09,997 [Worker-31: Building workspace] INFO  o.e.m.c.i.embedder.EclipseLogger - skip non existing resourceDirectory C:\Users\Dani\Documents\GitHub\rest\rest\rest\rest\src\test\resources
2020-01-10 19:03:59,882 [Worker-33: Building workspace] INFO  o.e.m.c.i.embedder.EclipseLogger - Using 'UTF-8' encoding to copy filtered resources.
2020-01-10 19:03:59,882 [Worker-33: Building workspace] INFO  o.e.m.c.i.embedder.EclipseLogger - Copying 0 resource
2020-01-10 19:03:59,884 [Worker-33: Building workspace] INFO  o.e.m.c.i.embedder.EclipseLogger - Using 'UTF-8' encoding to copy filtered resources.
2020-01-10 19:03:59,884 [Worker-33: Building workspace] INFO  o.e.m.c.i.embedder.EclipseLogger - skip non existing resourceDirectory C:\Users\Dani\Documents\GitHub\rest\rest\rest\rest\src\test\resources
2020-01-10 19:05:09,911 [Worker-34: Building workspace] INFO  o.e.m.c.i.embedder.EclipseLogger - Using 'UTF-8' encoding to copy filtered resources.
2020-01-10 19:05:09,912 [Worker-34: Building workspace] INFO  o.e.m.c.i.embedder.EclipseLogger - Copying 0 resource
2020-01-10 19:05:09,913 [Worker-34: Building workspace] INFO  o.e.m.c.i.embedder.EclipseLogger - Using 'UTF-8' encoding to copy filtered resources.
2020-01-10 19:05:09,913 [Worker-34: Building workspace] INFO  o.e.m.c.i.embedder.EclipseLogger - skip non existing resourceDirectory C:\Users\Dani\Documents\GitHub\rest\rest\rest\rest\src\test\resources
2020-01-10 19:08:50,730 [Worker-36: Building workspace] INFO  o.e.m.c.i.embedder.EclipseLogger - Using 'UTF-8' encoding to copy filtered resources.
2020-01-10 19:08:50,733 [Worker-36: Building workspace] INFO  o.e.m.c.i.embedder.EclipseLogger - Copying 0 resource
2020-01-10 19:08:50,735 [Worker-36: Building workspace] INFO  o.e.m.c.i.embedder.EclipseLogger - Using 'UTF-8' encoding to copy filtered resources.
2020-01-10 19:08:50,735 [Worker-36: Building workspace] INFO  o.e.m.c.i.embedder.EclipseLogger - skip non existing resourceDirectory C:\Users\Dani\Documents\GitHub\rest\rest\rest\rest\src\test\resources
2020-01-10 19:09:29,779 [Worker-30: Building workspace] INFO  o.e.m.c.i.embedder.EclipseLogger - Using 'UTF-8' encoding to copy filtered resources.
2020-01-10 19:09:29,780 [Worker-30: Building workspace] INFO  o.e.m.c.i.embedder.EclipseLogger - Copying 0 resource
2020-01-10 19:09:29,782 [Worker-30: Building workspace] INFO  o.e.m.c.i.embedder.EclipseLogger - Using 'UTF-8' encoding to copy filtered resources.
2020-01-10 19:09:29,783 [Worker-30: Building workspace] INFO  o.e.m.c.i.embedder.EclipseLogger - skip non existing resourceDirectory C:\Users\Dani\Documents\GitHub\rest\rest\rest\rest\src\test\resources
2020-01-10 19:10:35,612 [Worker-30: Building workspace] INFO  o.e.m.c.i.embedder.EclipseLogger - Using 'UTF-8' encoding to copy filtered resources.
2020-01-10 19:10:35,613 [Worker-30: Building workspace] INFO  o.e.m.c.i.embedder.EclipseLogger - Copying 0 resource
2020-01-10 19:10:35,614 [Worker-30: Building workspace] INFO  o.e.m.c.i.embedder.EclipseLogger - Using 'UTF-8' encoding to copy filtered resources.
2020-01-10 19:10:35,616 [Worker-30: Building workspace] INFO  o.e.m.c.i.embedder.EclipseLogger - skip non existing resourceDirectory C:\Users\Dani\Documents\GitHub\rest\rest\rest\rest\src\test\resources
2020-01-10 19:15:43,183 [Worker-42: Building workspace] INFO  o.e.m.c.i.embedder.EclipseLogger - Using 'UTF-8' encoding to copy filtered resources.
2020-01-10 19:15:43,184 [Worker-42: Building workspace] INFO  o.e.m.c.i.embedder.EclipseLogger - Copying 0 resource
2020-01-10 19:15:43,186 [Worker-42: Building workspace] INFO  o.e.m.c.i.embedder.EclipseLogger - Using 'UTF-8' encoding to copy filtered resources.
2020-01-10 19:15:43,186 [Worker-42: Building workspace] INFO  o.e.m.c.i.embedder.EclipseLogger - skip non existing resourceDirectory C:\Users\Dani\Documents\GitHub\rest\rest\rest\rest\src\test\resources
2020-01-10 19:16:06,935 [Worker-38: Building workspace] INFO  o.e.m.c.i.embedder.EclipseLogger - Using 'UTF-8' encoding to copy filtered resources.
2020-01-10 19:16:06,936 [Worker-38: Building workspace] INFO  o.e.m.c.i.embedder.EclipseLogger - Copying 0 resource
2020-01-10 19:16:06,937 [Worker-38: Building workspace] INFO  o.e.m.c.i.embedder.EclipseLogger - Using 'UTF-8' encoding to copy filtered resources.
2020-01-10 19:16:06,937 [Worker-38: Building workspace] INFO  o.e.m.c.i.embedder.EclipseLogger - skip non existing resourceDirectory C:\Users\Dani\Documents\GitHub\rest\rest\rest\rest\src\test\resources
2020-01-10 19:17:06,981 [Worker-43: Building workspace] INFO  o.e.m.c.i.embedder.EclipseLogger - Using 'UTF-8' encoding to copy filtered resources.
2020-01-10 19:17:06,983 [Worker-43: Building workspace] INFO  o.e.m.c.i.embedder.EclipseLogger - Copying 0 resource
2020-01-10 19:17:06,985 [Worker-43: Building workspace] INFO  o.e.m.c.i.embedder.EclipseLogger - Using 'UTF-8' encoding to copy filtered resources.
2020-01-10 19:17:06,985 [Worker-43: Building workspace] INFO  o.e.m.c.i.embedder.EclipseLogger - skip non existing resourceDirectory C:\Users\Dani\Documents\GitHub\rest\rest\rest\rest\src\test\resources
2020-01-10 19:18:00,734 [Worker-41: Building workspace] INFO  o.e.m.c.i.embedder.EclipseLogger - Using 'UTF-8' encoding to copy filtered resources.
2020-01-10 19:18:00,734 [Worker-41: Building workspace] INFO  o.e.m.c.i.embedder.EclipseLogger - Copying 0 resource
2020-01-10 19:18:00,735 [Worker-41: Building workspace] INFO  o.e.m.c.i.embedder.EclipseLogger - Using 'UTF-8' encoding to copy filtered resources.
2020-01-10 19:18:00,735 [Worker-41: Building workspace] INFO  o.e.m.c.i.embedder.EclipseLogger - skip non existing resourceDirectory C:\Users\Dani\Documents\GitHub\rest\rest\rest\rest\src\test\resources
2020-01-10 19:19:44,158 [Worker-38: Building workspace] INFO  o.e.m.c.i.embedder.EclipseLogger - Using 'UTF-8' encoding to copy filtered resources.
2020-01-10 19:19:44,159 [Worker-38: Building workspace] INFO  o.e.m.c.i.embedder.EclipseLogger - Copying 0 resource
2020-01-10 19:19:44,160 [Worker-38: Building workspace] INFO  o.e.m.c.i.embedder.EclipseLogger - Using 'UTF-8' encoding to copy filtered resources.
2020-01-10 19:19:44,160 [Worker-38: Building workspace] INFO  o.e.m.c.i.embedder.EclipseLogger - skip non existing resourceDirectory C:\Users\Dani\Documents\GitHub\rest\rest\rest\rest\src\test\resources
2020-01-10 19:20:29,079 [Worker-42: Building workspace] INFO  o.e.m.c.i.embedder.EclipseLogger - Using 'UTF-8' encoding to copy filtered resources.
2020-01-10 19:20:29,080 [Worker-42: Building workspace] INFO  o.e.m.c.i.embedder.EclipseLogger - Copying 0 resource
2020-01-10 19:20:29,080 [Worker-42: Building workspace] INFO  o.e.m.c.i.embedder.EclipseLogger - Using 'UTF-8' encoding to copy filtered resources.
2020-01-10 19:20:29,081 [Worker-42: Building workspace] INFO  o.e.m.c.i.embedder.EclipseLogger - skip non existing resourceDirectory C:\Users\Dani\Documents\GitHub\rest\rest\rest\rest\src\test\resources
2020-01-10 19:20:56,321 [Worker-38: Building workspace] INFO  o.e.m.c.i.embedder.EclipseLogger - Using 'UTF-8' encoding to copy filtered resources.
2020-01-10 19:20:56,322 [Worker-38: Building workspace] INFO  o.e.m.c.i.embedder.EclipseLogger - Copying 0 resource
2020-01-10 19:20:56,324 [Worker-38: Building workspace] INFO  o.e.m.c.i.embedder.EclipseLogger - Using 'UTF-8' encoding to copy filtered resources.
2020-01-10 19:20:56,325 [Worker-38: Building workspace] INFO  o.e.m.c.i.embedder.EclipseLogger - skip non existing resourceDirectory C:\Users\Dani\Documents\GitHub\rest\rest\rest\rest\src\test\resources
2020-01-10 19:20:57,402 [Worker-42: Building workspace] INFO  o.e.m.c.i.embedder.EclipseLogger - Using 'UTF-8' encoding to copy filtered resources.
2020-01-10 19:20:57,402 [Worker-42: Building workspace] INFO  o.e.m.c.i.embedder.EclipseLogger - Copying 0 resource
2020-01-10 19:20:57,403 [Worker-42: Building workspace] INFO  o.e.m.c.i.embedder.EclipseLogger - Using 'UTF-8' encoding to copy filtered resources.
2020-01-10 19:20:57,403 [Worker-42: Building workspace] INFO  o.e.m.c.i.embedder.EclipseLogger - skip non existing resourceDirectory C:\Users\Dani\Documents\GitHub\rest\rest\rest\rest\src\test\resources
2020-01-10 19:21:11,445 [Worker-43: Building workspace] INFO  o.e.m.c.i.embedder.EclipseLogger - Using 'UTF-8' encoding to copy filtered resources.
2020-01-10 19:21:11,446 [Worker-43: Building workspace] INFO  o.e.m.c.i.embedder.EclipseLogger - Copying 0 resource
2020-01-10 19:21:11,447 [Worker-43: Building workspace] INFO  o.e.m.c.i.embedder.EclipseLogger - Using 'UTF-8' encoding to copy filtered resources.
2020-01-10 19:21:11,448 [Worker-43: Building workspace] INFO  o.e.m.c.i.embedder.EclipseLogger - skip non existing resourceDirectory C:\Users\Dani\Documents\GitHub\rest\rest\rest\rest\src\test\resources
2020-01-10 19:27:21,169 [Worker-46: Building workspace] INFO  o.e.m.c.i.embedder.EclipseLogger - Using 'UTF-8' encoding to copy filtered resources.
2020-01-10 19:27:21,271 [Worker-46: Building workspace] INFO  o.e.m.c.i.embedder.EclipseLogger - Copying 18 resources
2020-01-10 19:27:21,275 [Worker-46: Building workspace] INFO  o.e.m.c.i.embedder.EclipseLogger - Using 'UTF-8' encoding to copy filtered resources.
2020-01-10 19:27:21,275 [Worker-46: Building workspace] INFO  o.e.m.c.i.embedder.EclipseLogger - skip non existing resourceDirectory C:\Users\Dani\Documents\GitHub\rest\rest\rest\rest\src\test\resources
2020-01-10 19:41:03,957 [Worker-53: Building workspace] INFO  o.e.m.c.i.embedder.EclipseLogger - Using 'UTF-8' encoding to copy filtered resources.
2020-01-10 19:41:03,960 [Worker-53: Building workspace] INFO  o.e.m.c.i.embedder.EclipseLogger - Copying 18 resources
2020-01-10 19:41:03,964 [Worker-53: Building workspace] INFO  o.e.m.c.i.embedder.EclipseLogger - Using 'UTF-8' encoding to copy filtered resources.
2020-01-10 19:41:03,964 [Worker-53: Building workspace] INFO  o.e.m.c.i.embedder.EclipseLogger - skip non existing resourceDirectory C:\Users\Dani\Documents\GitHub\rest\rest\rest\rest\src\test\resources
2020-01-10 19:42:07,554 [Worker-52: Building workspace] INFO  o.e.m.c.i.embedder.EclipseLogger - Using 'UTF-8' encoding to copy filtered resources.
2020-01-10 19:42:07,559 [Worker-52: Building workspace] INFO  o.e.m.c.i.embedder.EclipseLogger - Copying 18 resources
2020-01-10 19:42:07,567 [Worker-52: Building workspace] INFO  o.e.m.c.i.embedder.EclipseLogger - Using 'UTF-8' encoding to copy filtered resources.
2020-01-10 19:42:07,567 [Worker-52: Building workspace] INFO  o.e.m.c.i.embedder.EclipseLogger - skip non existing resourceDirectory C:\Users\Dani\Documents\GitHub\rest\rest\rest\rest\src\test\resources
2020-01-10 19:42:08,606 [Worker-45: Building workspace] INFO  o.e.m.c.i.embedder.EclipseLogger - Using 'UTF-8' encoding to copy filtered resources.
2020-01-10 19:42:08,606 [Worker-45: Building workspace] INFO  o.e.m.c.i.embedder.EclipseLogger - Copying 0 resource
2020-01-10 19:42:08,608 [Worker-45: Building workspace] INFO  o.e.m.c.i.embedder.EclipseLogger - Using 'UTF-8' encoding to copy filtered resources.
2020-01-10 19:42:08,609 [Worker-45: Building workspace] INFO  o.e.m.c.i.embedder.EclipseLogger - skip non existing resourceDirectory C:\Users\Dani\Documents\GitHub\rest\rest\rest\rest\src\test\resources
2020-01-10 19:42:58,727 [Worker-51: Building workspace] INFO  o.e.m.c.i.embedder.EclipseLogger - Using 'UTF-8' encoding to copy filtered resources.
2020-01-10 19:42:58,730 [Worker-51: Building workspace] INFO  o.e.m.c.i.embedder.EclipseLogger - Copying 18 resources
2020-01-10 19:42:58,734 [Worker-51: Building workspace] INFO  o.e.m.c.i.embedder.EclipseLogger - Using 'UTF-8' encoding to copy filtered resources.
2020-01-10 19:42:58,734 [Worker-51: Building workspace] INFO  o.e.m.c.i.embedder.EclipseLogger - skip non existing resourceDirectory C:\Users\Dani\Documents\GitHub\rest\rest\rest\rest\src\test\resources
2020-01-10 19:43:32,260 [Worker-54: Building workspace] INFO  o.e.m.c.i.embedder.EclipseLogger - Using 'UTF-8' encoding to copy filtered resources.
2020-01-10 19:43:32,263 [Worker-54: Building workspace] INFO  o.e.m.c.i.embedder.EclipseLogger - Copying 18 resources
2020-01-10 19:43:32,267 [Worker-54: Building workspace] INFO  o.e.m.c.i.embedder.EclipseLogger - Using 'UTF-8' encoding to copy filtered resources.
2020-01-10 19:43:32,267 [Worker-54: Building workspace] INFO  o.e.m.c.i.embedder.EclipseLogger - skip non existing resourceDirectory C:\Users\Dani\Documents\GitHub\rest\rest\rest\rest\src\test\resources
2020-01-10 19:46:19,632 [Worker-55: Building workspace] INFO  o.e.m.c.i.embedder.EclipseLogger - Using 'UTF-8' encoding to copy filtered resources.
2020-01-10 19:46:19,635 [Worker-55: Building workspace] INFO  o.e.m.c.i.embedder.EclipseLogger - Copying 18 resources
2020-01-10 19:46:19,639 [Worker-55: Building workspace] INFO  o.e.m.c.i.embedder.EclipseLogger - Using 'UTF-8' encoding to copy filtered resources.
2020-01-10 19:46:19,639 [Worker-55: Building workspace] INFO  o.e.m.c.i.embedder.EclipseLogger - skip non existing resourceDirectory C:\Users\Dani\Documents\GitHub\rest\rest\rest\rest\src\test\resources
2020-01-10 19:47:45,763 [Worker-58: Building workspace] INFO  o.e.m.c.i.embedder.EclipseLogger - Using 'UTF-8' encoding to copy filtered resources.
2020-01-10 19:47:45,765 [Worker-58: Building workspace] INFO  o.e.m.c.i.embedder.EclipseLogger - Copying 18 resources
2020-01-10 19:47:45,769 [Worker-58: Building workspace] INFO  o.e.m.c.i.embedder.EclipseLogger - Using 'UTF-8' encoding to copy filtered resources.
2020-01-10 19:47:45,769 [Worker-58: Building workspace] INFO  o.e.m.c.i.embedder.EclipseLogger - skip non existing resourceDirectory C:\Users\Dani\Documents\GitHub\rest\rest\rest\rest\src\test\resources
2020-01-13 13:05:02,889 [Worker-4: Loading available Gradle versions] INFO  o.e.b.c.i.u.g.PublishedGradleVersions - Gradle version information cache is out-of-date. Trying to update.
2020-01-13 13:37:25,971 [Worker-21: Building workspace] INFO  o.e.m.c.i.embedder.EclipseLogger - Using 'UTF-8' encoding to copy filtered resources.
2020-01-13 13:37:25,978 [Worker-21: Building workspace] INFO  o.e.m.c.i.embedder.EclipseLogger - Copying 18 resources
2020-01-13 13:37:25,996 [Worker-21: Building workspace] INFO  o.e.m.c.i.embedder.EclipseLogger - Using 'UTF-8' encoding to copy filtered resources.
2020-01-13 13:37:25,997 [Worker-21: Building workspace] INFO  o.e.m.c.i.embedder.EclipseLogger - skip non existing resourceDirectory C:\Users\Dani\Documents\GitHub\rest\rest\rest\rest\src\test\resources
2020-01-13 13:38:39,962 [Worker-23: Building workspace] INFO  o.e.m.c.i.embedder.EclipseLogger - Using 'UTF-8' encoding to copy filtered resources.
2020-01-13 13:38:39,977 [Worker-23: Building workspace] INFO  o.e.m.c.i.embedder.EclipseLogger - Copying 18 resources
2020-01-13 13:38:39,982 [Worker-23: Building workspace] INFO  o.e.m.c.i.embedder.EclipseLogger - Using 'UTF-8' encoding to copy filtered resources.
2020-01-13 13:38:39,983 [Worker-23: Building workspace] INFO  o.e.m.c.i.embedder.EclipseLogger - skip non existing resourceDirectory C:\Users\Dani\Documents\GitHub\rest\rest\rest\rest\src\test\resources
2020-01-13 13:55:18,309 [Worker-29: Building workspace] INFO  o.e.m.c.i.embedder.EclipseLogger - Using 'UTF-8' encoding to copy filtered resources.
2020-01-13 13:55:18,310 [Worker-29: Building workspace] INFO  o.e.m.c.i.embedder.EclipseLogger - Copying 0 resource
2020-01-13 13:55:18,312 [Worker-29: Building workspace] INFO  o.e.m.c.i.embedder.EclipseLogger - Using 'UTF-8' encoding to copy filtered resources.
2020-01-13 13:55:18,313 [Worker-29: Building workspace] INFO  o.e.m.c.i.embedder.EclipseLogger - skip non existing resourceDirectory C:\Users\Dani\Documents\GitHub\rest\rest\rest\rest\src\test\resources
2020-01-13 13:55:21,882 [Worker-26: Building workspace] INFO  o.e.m.c.i.embedder.EclipseLogger - Using 'UTF-8' encoding to copy filtered resources.
2020-01-13 13:55:21,885 [Worker-26: Building workspace] INFO  o.e.m.c.i.embedder.EclipseLogger - Copying 18 resources
2020-01-13 13:55:21,902 [Worker-26: Building workspace] INFO  o.e.m.c.i.embedder.EclipseLogger - Using 'UTF-8' encoding to copy filtered resources.
2020-01-13 13:55:21,903 [Worker-26: Building workspace] INFO  o.e.m.c.i.embedder.EclipseLogger - skip non existing resourceDirectory C:\Users\Dani\Documents\GitHub\rest\rest\rest\rest\src\test\resources
2020-01-14 14:06:25,255 [Worker-0: Loading available Gradle versions] INFO  o.e.b.c.i.u.g.PublishedGradleVersions - Gradle version information cache is out-of-date. Trying to update.
2020-01-14 14:08:20,549 [Worker-2: Building workspace] INFO  o.e.m.c.i.embedder.EclipseLogger - Using 'UTF-8' encoding to copy filtered resources.
2020-01-14 14:08:20,557 [Worker-2: Building workspace] INFO  o.e.m.c.i.embedder.EclipseLogger - Copying 17 resources
2020-01-14 14:08:20,568 [Worker-2: Building workspace] INFO  o.e.m.c.i.embedder.EclipseLogger - Using 'UTF-8' encoding to copy filtered resources.
2020-01-14 14:08:20,568 [Worker-2: Building workspace] INFO  o.e.m.c.i.embedder.EclipseLogger - skip non existing resourceDirectory C:\Users\Dani\Documents\GitHub\rest\rest\rest\rest\src\test\resources
2020-01-14 14:08:22,522 [Worker-16: Building workspace] INFO  o.e.m.c.i.embedder.EclipseLogger - Using 'UTF-8' encoding to copy filtered resources.
2020-01-14 14:08:22,533 [Worker-16: Building workspace] INFO  o.e.m.c.i.embedder.EclipseLogger - Copying 18 resources
2020-01-14 14:08:22,542 [Worker-16: Building workspace] INFO  o.e.m.c.i.embedder.EclipseLogger - Using 'UTF-8' encoding to copy filtered resources.
2020-01-14 14:08:22,543 [Worker-16: Building workspace] INFO  o.e.m.c.i.embedder.EclipseLogger - skip non existing resourceDirectory C:\Users\Dani\Documents\GitHub\rest\rest\rest\rest\src\test\resources
2020-01-14 14:10:18,672 [Worker-2: Building workspace] INFO  o.e.m.c.i.embedder.EclipseLogger - Using 'UTF-8' encoding to copy filtered resources.
2020-01-14 14:10:18,674 [Worker-2: Building workspace] INFO  o.e.m.c.i.embedder.EclipseLogger - Copying 1 resource
2020-01-14 14:10:18,677 [Worker-2: Building workspace] INFO  o.e.m.c.i.embedder.EclipseLogger - Using 'UTF-8' encoding to copy filtered resources.
2020-01-14 14:10:18,677 [Worker-2: Building workspace] INFO  o.e.m.c.i.embedder.EclipseLogger - skip non existing resourceDirectory C:\Users\Dani\Documents\GitHub\rest\rest\rest\rest\src\test\resources
2020-01-14 14:10:26,596 [Worker-23: Building workspace] INFO  o.e.m.c.i.embedder.EclipseLogger - Using 'UTF-8' encoding to copy filtered resources.
2020-01-14 14:10:26,596 [Worker-23: Building workspace] INFO  o.e.m.c.i.embedder.EclipseLogger - Copying 0 resource
2020-01-14 14:10:26,597 [Worker-23: Building workspace] INFO  o.e.m.c.i.embedder.EclipseLogger - Using 'UTF-8' encoding to copy filtered resources.
2020-01-14 14:10:26,598 [Worker-23: Building workspace] INFO  o.e.m.c.i.embedder.EclipseLogger - skip non existing resourceDirectory C:\Users\Dani\Documents\GitHub\rest\rest\rest\rest\src\test\resources
2020-01-14 14:22:15,811 [Worker-2: Building workspace] INFO  o.e.m.c.i.embedder.EclipseLogger - Using 'UTF-8' encoding to copy filtered resources.
2020-01-14 14:22:15,812 [Worker-2: Building workspace] INFO  o.e.m.c.i.embedder.EclipseLogger - Copying 1 resource
2020-01-14 14:22:15,823 [Worker-2: Building workspace] INFO  o.e.m.c.i.embedder.EclipseLogger - Using 'UTF-8' encoding to copy filtered resources.
2020-01-14 14:22:15,824 [Worker-2: Building workspace] INFO  o.e.m.c.i.embedder.EclipseLogger - skip non existing resourceDirectory C:\Users\Dani\Documents\GitHub\rest\rest\rest\rest\src\test\resources
2020-01-14 14:22:16,859 [Worker-2: Building workspace] INFO  o.e.m.c.i.embedder.EclipseLogger - Using 'UTF-8' encoding to copy filtered resources.
2020-01-14 14:22:16,860 [Worker-2: Building workspace] INFO  o.e.m.c.i.embedder.EclipseLogger - Copying 1 resource
2020-01-14 14:22:16,866 [Worker-2: Building workspace] INFO  o.e.m.c.i.embedder.EclipseLogger - Using 'UTF-8' encoding to copy filtered resources.
2020-01-14 14:22:16,866 [Worker-2: Building workspace] INFO  o.e.m.c.i.embedder.EclipseLogger - skip non existing resourceDirectory C:\Users\Dani\Documents\GitHub\rest\rest\rest\rest\src\test\resources
2020-01-14 14:23:03,274 [Worker-7: Loading available Gradle versions] INFO  o.e.b.c.i.u.g.PublishedGradleVersions - Gradle version information cache is up-to-date. Trying to read.
2020-01-14 14:23:11,417 [Worker-3: Building workspace] INFO  o.e.m.c.i.embedder.EclipseLogger - Using 'UTF-8' encoding to copy filtered resources.
2020-01-14 14:23:11,427 [Worker-3: Building workspace] INFO  o.e.m.c.i.embedder.EclipseLogger - Copying 18 resources
2020-01-14 14:23:12,300 [Worker-3: Building workspace] INFO  o.e.m.c.i.embedder.EclipseLogger - Using 'UTF-8' encoding to copy filtered resources.
2020-01-14 14:23:12,300 [Worker-3: Building workspace] INFO  o.e.m.c.i.embedder.EclipseLogger - skip non existing resourceDirectory C:\Users\Dani\Documents\GitHub\rest\rest\rest\rest\src\test\resources
2020-01-14 14:23:15,890 [Worker-1: Building workspace] INFO  o.e.m.c.i.l.LifecycleMappingFactory - Using org.eclipse.m2e.jdt.JarLifecycleMapping lifecycle mapping for MavenProject: afc:rest:0.0.1-SNAPSHOT @ C:\Users\Dani\Documents\GitHub\rest\rest\rest\rest\pom.xml.
2020-01-14 14:23:17,630 [Worker-1: Building workspace] INFO  o.e.m.c.i.embedder.EclipseLogger - Using 'UTF-8' encoding to copy filtered resources.
2020-01-14 14:23:17,632 [Worker-1: Building workspace] INFO  o.e.m.c.i.embedder.EclipseLogger - Copying 0 resource
2020-01-14 14:23:17,635 [Worker-1: Building workspace] INFO  o.e.m.c.i.embedder.EclipseLogger - Using 'UTF-8' encoding to copy filtered resources.
2020-01-14 14:23:17,636 [Worker-1: Building workspace] INFO  o.e.m.c.i.embedder.EclipseLogger - skip non existing resourceDirectory C:\Users\Dani\Documents\GitHub\rest\rest\rest\rest\src\test\resources
2020-01-14 15:54:27,357 [Worker-12: Building workspace] INFO  o.e.m.c.i.embedder.EclipseLogger - Using 'UTF-8' encoding to copy filtered resources.
2020-01-14 15:54:27,365 [Worker-12: Building workspace] INFO  o.e.m.c.i.embedder.EclipseLogger - Copying 1 resource
2020-01-14 15:54:27,388 [Worker-12: Building workspace] INFO  o.e.m.c.i.embedder.EclipseLogger - Using 'UTF-8' encoding to copy filtered resources.
2020-01-14 15:54:27,388 [Worker-12: Building workspace] INFO  o.e.m.c.i.embedder.EclipseLogger - skip non existing resourceDirectory C:\Users\Dani\Documents\GitHub\rest\rest\rest\rest\src\test\resources
2020-01-14 15:55:01,036 [Worker-29: Building workspace] INFO  o.e.m.c.i.embedder.EclipseLogger - Using 'UTF-8' encoding to copy filtered resources.
2020-01-14 15:55:01,037 [Worker-29: Building workspace] INFO  o.e.m.c.i.embedder.EclipseLogger - Copying 1 resource
2020-01-14 15:55:01,093 [Worker-29: Building workspace] INFO  o.e.m.c.i.embedder.EclipseLogger - Using 'UTF-8' encoding to copy filtered resources.
2020-01-14 15:55:01,093 [Worker-29: Building workspace] INFO  o.e.m.c.i.embedder.EclipseLogger - skip non existing resourceDirectory C:\Users\Dani\Documents\GitHub\rest\rest\rest\rest\src\test\resources
2020-01-14 16:08:48,691 [Worker-35: Building workspace] INFO  o.e.m.c.i.embedder.EclipseLogger - Using 'UTF-8' encoding to copy filtered resources.
2020-01-14 16:08:48,691 [Worker-35: Building workspace] INFO  o.e.m.c.i.embedder.EclipseLogger - Copying 1 resource
2020-01-14 16:08:48,703 [Worker-35: Building workspace] INFO  o.e.m.c.i.embedder.EclipseLogger - Using 'UTF-8' encoding to copy filtered resources.
2020-01-14 16:08:48,704 [Worker-35: Building workspace] INFO  o.e.m.c.i.embedder.EclipseLogger - skip non existing resourceDirectory C:\Users\Dani\Documents\GitHub\rest\rest\rest\rest\src\test\resources
2020-01-14 16:16:28,862 [Worker-5: Loading available Gradle versions] INFO  o.e.b.c.i.u.g.PublishedGradleVersions - Gradle version information cache is up-to-date. Trying to read.
2020-01-14 16:21:15,328 [Worker-4: Building workspace] INFO  o.e.m.c.i.embedder.EclipseLogger - Using 'UTF-8' encoding to copy filtered resources.
2020-01-14 16:21:15,336 [Worker-4: Building workspace] INFO  o.e.m.c.i.embedder.EclipseLogger - Copying 19 resources
2020-01-14 16:21:15,353 [Worker-4: Building workspace] INFO  o.e.m.c.i.embedder.EclipseLogger - Using 'UTF-8' encoding to copy filtered resources.
2020-01-14 16:21:15,354 [Worker-4: Building workspace] INFO  o.e.m.c.i.embedder.EclipseLogger - skip non existing resourceDirectory C:\Users\Dani\Documents\GitHub\rest\rest\rest\rest\src\test\resources
2020-01-14 16:22:13,058 [Worker-17: Building workspace] INFO  o.e.m.c.i.embedder.EclipseLogger - Using 'UTF-8' encoding to copy filtered resources.
2020-01-14 16:22:13,064 [Worker-17: Building workspace] INFO  o.e.m.c.i.embedder.EclipseLogger - Copying 1 resource
2020-01-14 16:22:13,073 [Worker-17: Building workspace] INFO  o.e.m.c.i.embedder.EclipseLogger - Using 'UTF-8' encoding to copy filtered resources.
2020-01-14 16:22:13,073 [Worker-17: Building workspace] INFO  o.e.m.c.i.embedder.EclipseLogger - skip non existing resourceDirectory C:\Users\Dani\Documents\GitHub\rest\rest\rest\rest\src\test\resources
2020-01-14 16:26:17,802 [Worker-22: Building workspace] INFO  o.e.m.c.i.embedder.EclipseLogger - Using 'UTF-8' encoding to copy filtered resources.
2020-01-14 16:26:17,802 [Worker-22: Building workspace] INFO  o.e.m.c.i.embedder.EclipseLogger - Copying 0 resource
2020-01-14 16:26:17,804 [Worker-22: Building workspace] INFO  o.e.m.c.i.embedder.EclipseLogger - Using 'UTF-8' encoding to copy filtered resources.
2020-01-14 16:26:17,804 [Worker-22: Building workspace] INFO  o.e.m.c.i.embedder.EclipseLogger - skip non existing resourceDirectory C:\Users\Dani\Documents\GitHub\rest\rest\rest\rest\src\test\resources
2020-01-14 16:42:06,732 [Worker-29: Launching Main] INFO  o.e.m.c.i.embedder.EclipseLogger - Using 'UTF-8' encoding to copy filtered resources.
2020-01-14 16:42:06,755 [Worker-29: Launching Main] INFO  o.e.m.c.i.embedder.EclipseLogger - Copying 19 resources
2020-01-14 16:42:06,761 [Worker-29: Launching Main] INFO  o.e.m.c.i.embedder.EclipseLogger - Using 'UTF-8' encoding to copy filtered resources.
2020-01-14 16:42:06,761 [Worker-29: Launching Main] INFO  o.e.m.c.i.embedder.EclipseLogger - skip non existing resourceDirectory C:\Users\Dani\Documents\GitHub\rest\rest\rest\rest\src\test\resources
2020-01-14 16:43:49,630 [Worker-23: Building workspace] INFO  o.e.m.c.i.embedder.EclipseLogger - Using 'UTF-8' encoding to copy filtered resources.
2020-01-14 16:43:49,634 [Worker-23: Building workspace] INFO  o.e.m.c.i.embedder.EclipseLogger - Copying 19 resources
2020-01-14 16:43:49,638 [Worker-23: Building workspace] INFO  o.e.m.c.i.embedder.EclipseLogger - Using 'UTF-8' encoding to copy filtered resources.
2020-01-14 16:43:49,639 [Worker-23: Building workspace] INFO  o.e.m.c.i.embedder.EclipseLogger - skip non existing resourceDirectory C:\Users\Dani\Documents\GitHub\rest\rest\rest\rest\src\test\resources
2020-01-14 16:44:21,907 [Worker-33: Building workspace] INFO  o.e.m.c.i.embedder.EclipseLogger - Using 'UTF-8' encoding to copy filtered resources.
2020-01-14 16:44:21,911 [Worker-33: Building workspace] INFO  o.e.m.c.i.embedder.EclipseLogger - Copying 19 resources
2020-01-14 16:44:21,917 [Worker-33: Building workspace] INFO  o.e.m.c.i.embedder.EclipseLogger - Using 'UTF-8' encoding to copy filtered resources.
2020-01-14 16:44:21,917 [Worker-33: Building workspace] INFO  o.e.m.c.i.embedder.EclipseLogger - skip non existing resourceDirectory C:\Users\Dani\Documents\GitHub\rest\rest\rest\rest\src\test\resources
2020-01-14 16:44:52,894 [Worker-32: Building workspace] INFO  o.e.m.c.i.embedder.EclipseLogger - Using 'UTF-8' encoding to copy filtered resources.
2020-01-14 16:44:52,897 [Worker-32: Building workspace] INFO  o.e.m.c.i.embedder.EclipseLogger - Copying 19 resources
2020-01-14 16:44:52,901 [Worker-32: Building workspace] INFO  o.e.m.c.i.embedder.EclipseLogger - Using 'UTF-8' encoding to copy filtered resources.
2020-01-14 16:44:52,901 [Worker-32: Building workspace] INFO  o.e.m.c.i.embedder.EclipseLogger - skip non existing resourceDirectory C:\Users\Dani\Documents\GitHub\rest\rest\rest\rest\src\test\resources
2020-01-14 16:54:14,128 [Worker-31: Building workspace] INFO  o.e.m.c.i.embedder.EclipseLogger - Using 'UTF-8' encoding to copy filtered resources.
2020-01-14 16:54:14,200 [Worker-31: Building workspace] INFO  o.e.m.c.i.embedder.EclipseLogger - Copying 19 resources
2020-01-14 16:54:14,237 [Worker-31: Building workspace] INFO  o.e.m.c.i.embedder.EclipseLogger - Using 'UTF-8' encoding to copy filtered resources.
2020-01-14 16:54:14,237 [Worker-31: Building workspace] INFO  o.e.m.c.i.embedder.EclipseLogger - skip non existing resourceDirectory C:\Users\Dani\Documents\GitHub\rest\rest\rest\rest\src\test\resources
2020-01-14 16:54:55,023 [Worker-31: Building workspace] INFO  o.e.m.c.i.embedder.EclipseLogger - Using 'UTF-8' encoding to copy filtered resources.
2020-01-14 16:54:55,026 [Worker-31: Building workspace] INFO  o.e.m.c.i.embedder.EclipseLogger - Copying 19 resources
2020-01-14 16:54:55,031 [Worker-31: Building workspace] INFO  o.e.m.c.i.embedder.EclipseLogger - Using 'UTF-8' encoding to copy filtered resources.
2020-01-14 16:54:55,031 [Worker-31: Building workspace] INFO  o.e.m.c.i.embedder.EclipseLogger - skip non existing resourceDirectory C:\Users\Dani\Documents\GitHub\rest\rest\rest\rest\src\test\resources
2020-01-15 10:50:44,552 [Worker-7: Loading available Gradle versions] INFO  o.e.b.c.i.u.g.PublishedGradleVersions - Gradle version information cache is up-to-date. Trying to read.
2020-01-17 11:57:23,437 [Worker-2: Loading available Gradle versions] INFO  o.e.b.c.i.u.g.PublishedGradleVersions - Gradle version information cache is out-of-date. Trying to update.
2020-01-20 09:42:04,241 [Worker-5: Loading available Gradle versions] INFO  o.e.b.c.i.u.g.PublishedGradleVersions - Gradle version information cache is out-of-date. Trying to update.
2020-01-20 09:51:27,264 [Worker-11: Launching Main] INFO  o.e.m.c.i.embedder.EclipseLogger - Using 'UTF-8' encoding to copy filtered resources.
2020-01-20 09:51:27,270 [Worker-11: Launching Main] INFO  o.e.m.c.i.embedder.EclipseLogger - Copying 19 resources
2020-01-20 09:51:27,286 [Worker-11: Launching Main] INFO  o.e.m.c.i.embedder.EclipseLogger - Using 'UTF-8' encoding to copy filtered resources.
2020-01-20 09:51:27,287 [Worker-11: Launching Main] INFO  o.e.m.c.i.embedder.EclipseLogger - skip non existing resourceDirectory C:\Users\Dani\Documents\GitHub\rest\rest\rest\rest\src\test\resources
2020-01-20 10:10:00,204 [Worker-25: Building workspace] INFO  o.e.m.c.i.embedder.EclipseLogger - Using 'UTF-8' encoding to copy filtered resources.
2020-01-20 10:10:00,220 [Worker-25: Building workspace] INFO  o.e.m.c.i.embedder.EclipseLogger - Copying 19 resources
2020-01-20 10:10:00,225 [Worker-25: Building workspace] INFO  o.e.m.c.i.embedder.EclipseLogger - Using 'UTF-8' encoding to copy filtered resources.
2020-01-20 10:10:00,225 [Worker-25: Building workspace] INFO  o.e.m.c.i.embedder.EclipseLogger - skip non existing resourceDirectory C:\Users\Dani\Documents\GitHub\rest\rest\rest\rest\src\test\resources
2020-01-20 10:10:59,050 [Worker-25: Launching Main] INFO  o.e.m.c.i.embedder.EclipseLogger - Using 'UTF-8' encoding to copy filtered resources.
2020-01-20 10:10:59,053 [Worker-25: Launching Main] INFO  o.e.m.c.i.embedder.EclipseLogger - Copying 19 resources
2020-01-20 10:10:59,057 [Worker-25: Launching Main] INFO  o.e.m.c.i.embedder.EclipseLogger - Using 'UTF-8' encoding to copy filtered resources.
2020-01-20 10:10:59,057 [Worker-25: Launching Main] INFO  o.e.m.c.i.embedder.EclipseLogger - skip non existing resourceDirectory C:\Users\Dani\Documents\GitHub\rest\rest\rest\rest\src\test\resources
2020-01-20 10:18:17,662 [Worker-31: Building workspace] INFO  o.e.m.c.i.embedder.EclipseLogger - Using 'UTF-8' encoding to copy filtered resources.
2020-01-20 10:18:17,665 [Worker-31: Building workspace] INFO  o.e.m.c.i.embedder.EclipseLogger - Copying 19 resources
2020-01-20 10:18:17,669 [Worker-31: Building workspace] INFO  o.e.m.c.i.embedder.EclipseLogger - Using 'UTF-8' encoding to copy filtered resources.
2020-01-20 10:18:17,670 [Worker-31: Building workspace] INFO  o.e.m.c.i.embedder.EclipseLogger - skip non existing resourceDirectory C:\Users\Dani\Documents\GitHub\rest\rest\rest\rest\src\test\resources
2020-01-20 10:21:39,262 [Worker-28: Building workspace] INFO  o.e.m.c.i.embedder.EclipseLogger - Using 'UTF-8' encoding to copy filtered resources.
2020-01-20 10:21:39,264 [Worker-28: Building workspace] INFO  o.e.m.c.i.embedder.EclipseLogger - Copying 19 resources
2020-01-20 10:21:39,268 [Worker-28: Building workspace] INFO  o.e.m.c.i.embedder.EclipseLogger - Using 'UTF-8' encoding to copy filtered resources.
2020-01-20 10:21:39,269 [Worker-28: Building workspace] INFO  o.e.m.c.i.embedder.EclipseLogger - skip non existing resourceDirectory C:\Users\Dani\Documents\GitHub\rest\rest\rest\rest\src\test\resources
2020-01-20 10:29:54,428 [Worker-40: Launching Main] INFO  o.e.m.c.i.embedder.EclipseLogger - Using 'UTF-8' encoding to copy filtered resources.
2020-01-20 10:29:54,433 [Worker-40: Launching Main] INFO  o.e.m.c.i.embedder.EclipseLogger - Copying 19 resources
2020-01-20 10:29:54,433 [Worker-40: Launching Main] INFO  o.e.m.c.i.embedder.EclipseLogger - Using 'UTF-8' encoding to copy filtered resources.
2020-01-20 10:29:54,433 [Worker-40: Launching Main] INFO  o.e.m.c.i.embedder.EclipseLogger - skip non existing resourceDirectory C:\Users\Dani\Documents\GitHub\rest\rest\rest\rest\src\test\resources
2020-01-20 10:32:21,696 [Worker-44: Building workspace] INFO  o.e.m.c.i.embedder.EclipseLogger - Using 'UTF-8' encoding to copy filtered resources.
2020-01-20 10:32:21,701 [Worker-44: Building workspace] INFO  o.e.m.c.i.embedder.EclipseLogger - Copying 19 resources
2020-01-20 10:32:21,705 [Worker-44: Building workspace] INFO  o.e.m.c.i.embedder.EclipseLogger - Using 'UTF-8' encoding to copy filtered resources.
2020-01-20 10:32:21,706 [Worker-44: Building workspace] INFO  o.e.m.c.i.embedder.EclipseLogger - skip non existing resourceDirectory C:\Users\Dani\Documents\GitHub\rest\rest\rest\rest\src\test\resources
2020-01-20 10:33:55,215 [Worker-44: Building workspace] INFO  o.e.m.c.i.embedder.EclipseLogger - Using 'UTF-8' encoding to copy filtered resources.
2020-01-20 10:33:55,218 [Worker-44: Building workspace] INFO  o.e.m.c.i.embedder.EclipseLogger - Copying 19 resources
2020-01-20 10:33:55,224 [Worker-44: Building workspace] INFO  o.e.m.c.i.embedder.EclipseLogger - Using 'UTF-8' encoding to copy filtered resources.
2020-01-20 10:33:55,225 [Worker-44: Building workspace] INFO  o.e.m.c.i.embedder.EclipseLogger - skip non existing resourceDirectory C:\Users\Dani\Documents\GitHub\rest\rest\rest\rest\src\test\resources
2020-01-20 10:42:36,575 [Worker-47: Building workspace] INFO  o.e.m.c.i.embedder.EclipseLogger - Using 'UTF-8' encoding to copy filtered resources.
2020-01-20 10:42:36,579 [Worker-47: Building workspace] INFO  o.e.m.c.i.embedder.EclipseLogger - Copying 19 resources
2020-01-20 10:42:36,582 [Worker-47: Building workspace] INFO  o.e.m.c.i.embedder.EclipseLogger - Using 'UTF-8' encoding to copy filtered resources.
2020-01-20 10:42:36,582 [Worker-47: Building workspace] INFO  o.e.m.c.i.embedder.EclipseLogger - skip non existing resourceDirectory C:\Users\Dani\Documents\GitHub\rest\rest\rest\rest\src\test\resources
2020-01-20 10:44:31,522 [Worker-46: Building workspace] INFO  o.e.m.c.i.embedder.EclipseLogger - Using 'UTF-8' encoding to copy filtered resources.
2020-01-20 10:44:31,525 [Worker-46: Building workspace] INFO  o.e.m.c.i.embedder.EclipseLogger - Copying 19 resources
2020-01-20 10:44:31,529 [Worker-46: Building workspace] INFO  o.e.m.c.i.embedder.EclipseLogger - Using 'UTF-8' encoding to copy filtered resources.
2020-01-20 10:44:31,529 [Worker-46: Building workspace] INFO  o.e.m.c.i.embedder.EclipseLogger - skip non existing resourceDirectory C:\Users\Dani\Documents\GitHub\rest\rest\rest\rest\src\test\resources
2020-01-20 10:48:41,334 [Worker-47: Building workspace] INFO  o.e.m.c.i.embedder.EclipseLogger - Using 'UTF-8' encoding to copy filtered resources.
2020-01-20 10:48:41,334 [Worker-47: Building workspace] INFO  o.e.m.c.i.embedder.EclipseLogger - Copying 19 resources
2020-01-20 10:48:41,334 [Worker-47: Building workspace] INFO  o.e.m.c.i.embedder.EclipseLogger - Using 'UTF-8' encoding to copy filtered resources.
2020-01-20 10:48:41,334 [Worker-47: Building workspace] INFO  o.e.m.c.i.embedder.EclipseLogger - skip non existing resourceDirectory C:\Users\Dani\Documents\GitHub\rest\rest\rest\rest\src\test\resources
2020-01-20 10:49:06,113 [Worker-47: Building workspace] INFO  o.e.m.c.i.embedder.EclipseLogger - Using 'UTF-8' encoding to copy filtered resources.
2020-01-20 10:49:06,113 [Worker-47: Building workspace] INFO  o.e.m.c.i.embedder.EclipseLogger - Copying 0 resource
2020-01-20 10:49:06,113 [Worker-47: Building workspace] INFO  o.e.m.c.i.embedder.EclipseLogger - Using 'UTF-8' encoding to copy filtered resources.
2020-01-20 10:49:06,113 [Worker-47: Building workspace] INFO  o.e.m.c.i.embedder.EclipseLogger - skip non existing resourceDirectory C:\Users\Dani\Documents\GitHub\rest\rest\rest\rest\src\test\resources
2020-01-20 10:53:53,593 [Worker-39: Building workspace] INFO  o.e.m.c.i.embedder.EclipseLogger - Using 'UTF-8' encoding to copy filtered resources.
2020-01-20 10:53:53,596 [Worker-39: Building workspace] INFO  o.e.m.c.i.embedder.EclipseLogger - Copying 19 resources
2020-01-20 10:53:53,599 [Worker-39: Building workspace] INFO  o.e.m.c.i.embedder.EclipseLogger - Using 'UTF-8' encoding to copy filtered resources.
2020-01-20 10:53:53,600 [Worker-39: Building workspace] INFO  o.e.m.c.i.embedder.EclipseLogger - skip non existing resourceDirectory C:\Users\Dani\Documents\GitHub\rest\rest\rest\rest\src\test\resources
2020-01-20 10:54:45,235 [Worker-47: Building workspace] INFO  o.e.m.c.i.embedder.EclipseLogger - Using 'UTF-8' encoding to copy filtered resources.
2020-01-20 10:54:45,238 [Worker-47: Building workspace] INFO  o.e.m.c.i.embedder.EclipseLogger - Copying 19 resources
2020-01-20 10:54:45,242 [Worker-47: Building workspace] INFO  o.e.m.c.i.embedder.EclipseLogger - Using 'UTF-8' encoding to copy filtered resources.
2020-01-20 10:54:45,243 [Worker-47: Building workspace] INFO  o.e.m.c.i.embedder.EclipseLogger - skip non existing resourceDirectory C:\Users\Dani\Documents\GitHub\rest\rest\rest\rest\src\test\resources
2020-01-20 10:55:38,679 [Worker-49: Building workspace] INFO  o.e.m.c.i.embedder.EclipseLogger - Using 'UTF-8' encoding to copy filtered resources.
2020-01-20 10:55:38,682 [Worker-49: Building workspace] INFO  o.e.m.c.i.embedder.EclipseLogger - Copying 19 resources
2020-01-20 10:55:38,686 [Worker-49: Building workspace] INFO  o.e.m.c.i.embedder.EclipseLogger - Using 'UTF-8' encoding to copy filtered resources.
2020-01-20 10:55:38,687 [Worker-49: Building workspace] INFO  o.e.m.c.i.embedder.EclipseLogger - skip non existing resourceDirectory C:\Users\Dani\Documents\GitHub\rest\rest\rest\rest\src\test\resources
2020-01-20 11:02:25,019 [Worker-49: Building workspace] INFO  o.e.m.c.i.embedder.EclipseLogger - Using 'UTF-8' encoding to copy filtered resources.
2020-01-20 11:02:25,022 [Worker-49: Building workspace] INFO  o.e.m.c.i.embedder.EclipseLogger - Copying 19 resources
2020-01-20 11:02:25,026 [Worker-49: Building workspace] INFO  o.e.m.c.i.embedder.EclipseLogger - Using 'UTF-8' encoding to copy filtered resources.
2020-01-20 11:02:25,026 [Worker-49: Building workspace] INFO  o.e.m.c.i.embedder.EclipseLogger - skip non existing resourceDirectory C:\Users\Dani\Documents\GitHub\rest\rest\rest\rest\src\test\resources
2020-01-20 11:04:13,233 [Worker-47: Building workspace] INFO  o.e.m.c.i.embedder.EclipseLogger - Using 'UTF-8' encoding to copy filtered resources.
2020-01-20 11:04:13,236 [Worker-47: Building workspace] INFO  o.e.m.c.i.embedder.EclipseLogger - Copying 19 resources
2020-01-20 11:04:13,241 [Worker-47: Building workspace] INFO  o.e.m.c.i.embedder.EclipseLogger - Using 'UTF-8' encoding to copy filtered resources.
2020-01-20 11:04:13,242 [Worker-47: Building workspace] INFO  o.e.m.c.i.embedder.EclipseLogger - skip non existing resourceDirectory C:\Users\Dani\Documents\GitHub\rest\rest\rest\rest\src\test\resources
2020-01-20 11:04:56,961 [Worker-52: Building workspace] INFO  o.e.m.c.i.embedder.EclipseLogger - Using 'UTF-8' encoding to copy filtered resources.
2020-01-20 11:04:56,963 [Worker-52: Building workspace] INFO  o.e.m.c.i.embedder.EclipseLogger - Copying 19 resources
2020-01-20 11:04:56,967 [Worker-52: Building workspace] INFO  o.e.m.c.i.embedder.EclipseLogger - Using 'UTF-8' encoding to copy filtered resources.
2020-01-20 11:04:56,967 [Worker-52: Building workspace] INFO  o.e.m.c.i.embedder.EclipseLogger - skip non existing resourceDirectory C:\Users\Dani\Documents\GitHub\rest\rest\rest\rest\src\test\resources
2020-01-20 11:09:52,993 [Worker-50: Building workspace] INFO  o.e.m.c.i.embedder.EclipseLogger - Using 'UTF-8' encoding to copy filtered resources.
2020-01-20 11:09:52,995 [Worker-50: Building workspace] INFO  o.e.m.c.i.embedder.EclipseLogger - Copying 19 resources
2020-01-20 11:09:52,998 [Worker-50: Building workspace] INFO  o.e.m.c.i.embedder.EclipseLogger - Using 'UTF-8' encoding to copy filtered resources.
2020-01-20 11:09:52,999 [Worker-50: Building workspace] INFO  o.e.m.c.i.embedder.EclipseLogger - skip non existing resourceDirectory C:\Users\Dani\Documents\GitHub\rest\rest\rest\rest\src\test\resources
2020-01-20 11:20:16,750 [Worker-50: Building workspace] INFO  o.e.m.c.i.embedder.EclipseLogger - Using 'UTF-8' encoding to copy filtered resources.
2020-01-20 11:20:16,752 [Worker-50: Building workspace] INFO  o.e.m.c.i.embedder.EclipseLogger - Copying 19 resources
2020-01-20 11:20:16,756 [Worker-50: Building workspace] INFO  o.e.m.c.i.embedder.EclipseLogger - Using 'UTF-8' encoding to copy filtered resources.
2020-01-20 11:20:16,756 [Worker-50: Building workspace] INFO  o.e.m.c.i.embedder.EclipseLogger - skip non existing resourceDirectory C:\Users\Dani\Documents\GitHub\rest\rest\rest\rest\src\test\resources
2020-01-20 11:21:43,976 [Worker-59: Launching Main] INFO  o.e.m.c.i.embedder.EclipseLogger - Using 'UTF-8' encoding to copy filtered resources.
2020-01-20 11:21:43,979 [Worker-59: Launching Main] INFO  o.e.m.c.i.embedder.EclipseLogger - Copying 19 resources
2020-01-20 11:21:43,982 [Worker-59: Launching Main] INFO  o.e.m.c.i.embedder.EclipseLogger - Using 'UTF-8' encoding to copy filtered resources.
2020-01-20 11:21:43,982 [Worker-59: Launching Main] INFO  o.e.m.c.i.embedder.EclipseLogger - skip non existing resourceDirectory C:\Users\Dani\Documents\GitHub\rest\rest\rest\rest\src\test\resources
2020-01-20 11:22:27,808 [Worker-57: Building workspace] INFO  o.e.m.c.i.embedder.EclipseLogger - Using 'UTF-8' encoding to copy filtered resources.
2020-01-20 11:22:27,811 [Worker-57: Building workspace] INFO  o.e.m.c.i.embedder.EclipseLogger - Copying 19 resources
2020-01-20 11:22:27,817 [Worker-57: Building workspace] INFO  o.e.m.c.i.embedder.EclipseLogger - Using 'UTF-8' encoding to copy filtered resources.
2020-01-20 11:22:27,817 [Worker-57: Building workspace] INFO  o.e.m.c.i.embedder.EclipseLogger - skip non existing resourceDirectory C:\Users\Dani\Documents\GitHub\rest\rest\rest\rest\src\test\resources
2020-01-20 11:23:17,656 [Worker-60: Building workspace] INFO  o.e.m.c.i.embedder.EclipseLogger - Using 'UTF-8' encoding to copy filtered resources.
2020-01-20 11:23:17,660 [Worker-60: Building workspace] INFO  o.e.m.c.i.embedder.EclipseLogger - Copying 19 resources
2020-01-20 11:23:17,666 [Worker-60: Building workspace] INFO  o.e.m.c.i.embedder.EclipseLogger - Using 'UTF-8' encoding to copy filtered resources.
2020-01-20 11:23:17,667 [Worker-60: Building workspace] INFO  o.e.m.c.i.embedder.EclipseLogger - skip non existing resourceDirectory C:\Users\Dani\Documents\GitHub\rest\rest\rest\rest\src\test\resources
2020-01-20 11:23:35,413 [Worker-57: Building workspace] INFO  o.e.m.c.i.embedder.EclipseLogger - Using 'UTF-8' encoding to copy filtered resources.
2020-01-20 11:23:35,415 [Worker-57: Building workspace] INFO  o.e.m.c.i.embedder.EclipseLogger - Copying 19 resources
2020-01-20 11:23:35,419 [Worker-57: Building workspace] INFO  o.e.m.c.i.embedder.EclipseLogger - Using 'UTF-8' encoding to copy filtered resources.
2020-01-20 11:23:35,419 [Worker-57: Building workspace] INFO  o.e.m.c.i.embedder.EclipseLogger - skip non existing resourceDirectory C:\Users\Dani\Documents\GitHub\rest\rest\rest\rest\src\test\resources
2020-01-20 11:24:26,417 [Worker-60: Building workspace] INFO  o.e.m.c.i.embedder.EclipseLogger - Using 'UTF-8' encoding to copy filtered resources.
2020-01-20 11:24:26,420 [Worker-60: Building workspace] INFO  o.e.m.c.i.embedder.EclipseLogger - Copying 19 resources
2020-01-20 11:24:26,423 [Worker-60: Building workspace] INFO  o.e.m.c.i.embedder.EclipseLogger - Using 'UTF-8' encoding to copy filtered resources.
2020-01-20 11:24:26,423 [Worker-60: Building workspace] INFO  o.e.m.c.i.embedder.EclipseLogger - skip non existing resourceDirectory C:\Users\Dani\Documents\GitHub\rest\rest\rest\rest\src\test\resources
2020-01-20 11:26:03,625 [Worker-57: Building workspace] INFO  o.e.m.c.i.embedder.EclipseLogger - Using 'UTF-8' encoding to copy filtered resources.
2020-01-20 11:26:03,628 [Worker-57: Building workspace] INFO  o.e.m.c.i.embedder.EclipseLogger - Copying 19 resources
2020-01-20 11:26:03,631 [Worker-57: Building workspace] INFO  o.e.m.c.i.embedder.EclipseLogger - Using 'UTF-8' encoding to copy filtered resources.
2020-01-20 11:26:03,631 [Worker-57: Building workspace] INFO  o.e.m.c.i.embedder.EclipseLogger - skip non existing resourceDirectory C:\Users\Dani\Documents\GitHub\rest\rest\rest\rest\src\test\resources
2020-01-20 11:27:39,987 [Worker-61: Building workspace] INFO  o.e.m.c.i.embedder.EclipseLogger - Using 'UTF-8' encoding to copy filtered resources.
2020-01-20 11:27:39,990 [Worker-61: Building workspace] INFO  o.e.m.c.i.embedder.EclipseLogger - Copying 19 resources
2020-01-20 11:27:39,993 [Worker-61: Building workspace] INFO  o.e.m.c.i.embedder.EclipseLogger - Using 'UTF-8' encoding to copy filtered resources.
2020-01-20 11:27:39,994 [Worker-61: Building workspace] INFO  o.e.m.c.i.embedder.EclipseLogger - skip non existing resourceDirectory C:\Users\Dani\Documents\GitHub\rest\rest\rest\rest\src\test\resources
2020-01-20 13:07:56,849 [Worker-65: Building workspace] INFO  o.e.m.c.i.embedder.EclipseLogger - Using 'UTF-8' encoding to copy filtered resources.
2020-01-20 13:07:56,852 [Worker-65: Building workspace] INFO  o.e.m.c.i.embedder.EclipseLogger - Copying 19 resources
2020-01-20 13:07:56,857 [Worker-65: Building workspace] INFO  o.e.m.c.i.embedder.EclipseLogger - Using 'UTF-8' encoding to copy filtered resources.
2020-01-20 13:07:56,857 [Worker-65: Building workspace] INFO  o.e.m.c.i.embedder.EclipseLogger - skip non existing resourceDirectory C:\Users\Dani\Documents\GitHub\rest\rest\rest\rest\src\test\resources
2020-01-21 11:24:16,159 [Worker-0: Loading available Gradle versions] INFO  o.e.b.c.i.u.g.PublishedGradleVersions - Gradle version information cache is up-to-date. Trying to read.
2020-01-21 11:24:25,836 [Worker-2: Building workspace] INFO  o.e.m.c.i.l.LifecycleMappingFactory - Using org.eclipse.m2e.jdt.JarLifecycleMapping lifecycle mapping for MavenProject: afc:rest:0.0.1-SNAPSHOT @ C:\Users\Dani\Documents\GitHub\rest\rest\rest\rest\pom.xml.
2020-01-21 11:24:36,252 [Worker-2: Building workspace] INFO  o.e.m.c.i.embedder.EclipseLogger - Using 'UTF-8' encoding to copy filtered resources.
2020-01-21 11:24:36,263 [Worker-2: Building workspace] INFO  o.e.m.c.i.embedder.EclipseLogger - Copying 19 resources
2020-01-21 11:24:37,454 [Worker-2: Building workspace] INFO  o.e.m.c.i.embedder.EclipseLogger - Using 'UTF-8' encoding to copy filtered resources.
2020-01-21 11:24:37,455 [Worker-2: Building workspace] INFO  o.e.m.c.i.embedder.EclipseLogger - skip non existing resourceDirectory C:\Users\Dani\Documents\GitHub\rest\rest\rest\rest\src\test\resources
2020-01-21 11:24:39,596 [Worker-22: Building workspace] INFO  o.e.m.c.i.embedder.EclipseLogger - Using 'UTF-8' encoding to copy filtered resources.
2020-01-21 11:24:39,627 [Worker-22: Building workspace] INFO  o.e.m.c.i.embedder.EclipseLogger - Copying 19 resources
2020-01-21 11:24:40,219 [Worker-22: Building workspace] INFO  o.e.m.c.i.embedder.EclipseLogger - Using 'UTF-8' encoding to copy filtered resources.
2020-01-21 11:24:40,219 [Worker-22: Building workspace] INFO  o.e.m.c.i.embedder.EclipseLogger - skip non existing resourceDirectory C:\Users\Dani\Documents\GitHub\rest\rest\rest\rest\src\test\resources
2020-01-21 11:25:48,597 [Worker-18: Building workspace] INFO  o.e.m.c.i.embedder.EclipseLogger - Using 'UTF-8' encoding to copy filtered resources.
2020-01-21 11:25:48,599 [Worker-18: Building workspace] INFO  o.e.m.c.i.embedder.EclipseLogger - Copying 0 resource
2020-01-21 11:25:48,601 [Worker-18: Building workspace] INFO  o.e.m.c.i.embedder.EclipseLogger - Using 'UTF-8' encoding to copy filtered resources.
2020-01-21 11:25:48,601 [Worker-18: Building workspace] INFO  o.e.m.c.i.embedder.EclipseLogger - skip non existing resourceDirectory C:\Users\Dani\Documents\GitHub\rest\rest\rest\rest\src\test\resources
2020-01-21 11:29:52,919 [Worker-26: Building workspace] INFO  o.e.m.c.i.embedder.EclipseLogger - Using 'UTF-8' encoding to copy filtered resources.
2020-01-21 11:29:52,921 [Worker-26: Building workspace] INFO  o.e.m.c.i.embedder.EclipseLogger - Copying 1 resource
2020-01-21 11:29:52,929 [Worker-26: Building workspace] INFO  o.e.m.c.i.embedder.EclipseLogger - Using 'UTF-8' encoding to copy filtered resources.
2020-01-21 11:29:52,929 [Worker-26: Building workspace] INFO  o.e.m.c.i.embedder.EclipseLogger - skip non existing resourceDirectory C:\Users\Dani\Documents\GitHub\rest\rest\rest\rest\src\test\resources
2020-01-21 11:34:05,368 [Worker-27: Building workspace] INFO  o.e.m.c.i.embedder.EclipseLogger - Using 'UTF-8' encoding to copy filtered resources.
2020-01-21 11:34:05,370 [Worker-27: Building workspace] INFO  o.e.m.c.i.embedder.EclipseLogger - Copying 1 resource
2020-01-21 11:34:05,377 [Worker-27: Building workspace] INFO  o.e.m.c.i.embedder.EclipseLogger - Using 'UTF-8' encoding to copy filtered resources.
2020-01-21 11:34:05,378 [Worker-27: Building workspace] INFO  o.e.m.c.i.embedder.EclipseLogger - skip non existing resourceDirectory C:\Users\Dani\Documents\GitHub\rest\rest\rest\rest\src\test\resources
2020-01-21 14:23:30,862 [Worker-42: Building workspace] INFO  o.e.m.c.i.embedder.EclipseLogger - Using 'UTF-8' encoding to copy filtered resources.
2020-01-21 14:23:30,878 [Worker-42: Building workspace] INFO  o.e.m.c.i.embedder.EclipseLogger - Copying 20 resources
2020-01-21 14:23:30,884 [Worker-42: Building workspace] INFO  o.e.m.c.i.embedder.EclipseLogger - Using 'UTF-8' encoding to copy filtered resources.
2020-01-21 14:23:30,884 [Worker-42: Building workspace] INFO  o.e.m.c.i.embedder.EclipseLogger - skip non existing resourceDirectory C:\Users\Dani\Documents\GitHub\rest\rest\rest\rest\src\test\resources
2020-01-21 14:24:59,923 [Worker-7: Loading available Gradle versions] INFO  o.e.b.c.i.u.g.PublishedGradleVersions - Gradle version information cache is up-to-date. Trying to read.
2020-01-21 14:25:11,936 [Worker-5: Building workspace] INFO  o.e.m.c.i.embedder.EclipseLogger - Using 'UTF-8' encoding to copy filtered resources.
2020-01-21 14:25:11,941 [Worker-5: Building workspace] INFO  o.e.m.c.i.embedder.EclipseLogger - Copying 20 resources
2020-01-21 14:25:11,949 [Worker-5: Building workspace] INFO  o.e.m.c.i.embedder.EclipseLogger - Using 'UTF-8' encoding to copy filtered resources.
2020-01-21 14:25:11,950 [Worker-5: Building workspace] INFO  o.e.m.c.i.embedder.EclipseLogger - skip non existing resourceDirectory C:\Users\Dani\Documents\GitHub\rest\rest\rest\rest\src\test\resources
2020-01-21 16:26:29,747 [Worker-38: Building workspace] INFO  o.e.m.c.i.embedder.EclipseLogger - Using 'UTF-8' encoding to copy filtered resources.
2020-01-21 16:26:29,762 [Worker-38: Building workspace] INFO  o.e.m.c.i.embedder.EclipseLogger - Copying 20 resources
2020-01-21 16:26:29,778 [Worker-38: Building workspace] INFO  o.e.m.c.i.embedder.EclipseLogger - Using 'UTF-8' encoding to copy filtered resources.
2020-01-21 16:26:29,778 [Worker-38: Building workspace] INFO  o.e.m.c.i.embedder.EclipseLogger - skip non existing resourceDirectory C:\Users\Dani\Documents\GitHub\rest\rest\rest\rest\src\test\resources
